mode: set
github.com/flash1nho/GophKeeper/app/client/main.go:7.13,9.2 1 0
github.com/flash1nho/GophKeeper/app/client/cmd/base_connection.go:29.107,33.2 1 1
github.com/flash1nho/GophKeeper/app/client/cmd/base_connection.go:35.57,37.2 1 1
github.com/flash1nho/GophKeeper/app/client/cmd/base_connection.go:39.93,41.16 2 0
github.com/flash1nho/GophKeeper/app/client/cmd/base_connection.go:41.16,43.3 1 0
github.com/flash1nho/GophKeeper/app/client/cmd/base_connection.go:45.2,46.16 2 0
github.com/flash1nho/GophKeeper/app/client/cmd/base_connection.go:46.16,48.3 1 0
github.com/flash1nho/GophKeeper/app/client/cmd/base_connection.go:50.2,51.16 2 0
github.com/flash1nho/GophKeeper/app/client/cmd/base_connection.go:51.16,53.3 1 0
github.com/flash1nho/GophKeeper/app/client/cmd/base_connection.go:55.2,56.42 2 0
github.com/flash1nho/GophKeeper/app/client/cmd/base_connection.go:56.42,58.3 1 0
github.com/flash1nho/GophKeeper/app/client/cmd/base_connection.go:60.2,75.17 6 0
github.com/flash1nho/GophKeeper/app/client/cmd/base_connection.go:75.17,77.3 1 0
github.com/flash1nho/GophKeeper/app/client/cmd/base_connection.go:79.2,81.16 2 0
github.com/flash1nho/GophKeeper/app/client/cmd/base_connection.go:81.16,83.3 1 0
github.com/flash1nho/GophKeeper/app/client/cmd/base_connection.go:85.2,85.18 1 0
github.com/flash1nho/GophKeeper/app/client/cmd/root.go:20.16,29.2 5 0
github.com/flash1nho/GophKeeper/app/client/cmd/root.go:31.19,39.2 5 0
github.com/flash1nho/GophKeeper/app/client/cmd/secrets.go:13.68,20.61 3 0
github.com/flash1nho/GophKeeper/app/client/cmd/secrets.go:20.61,23.19 2 0
github.com/flash1nho/GophKeeper/app/client/cmd/secrets.go:23.19,25.5 1 0
github.com/flash1nho/GophKeeper/app/client/cmd/secrets.go:27.4,29.18 2 0
github.com/flash1nho/GophKeeper/app/client/cmd/secrets.go:29.18,31.5 1 0
github.com/flash1nho/GophKeeper/app/client/cmd/secrets.go:33.4,35.21 2 0
github.com/flash1nho/GophKeeper/app/client/cmd/secrets.go:35.21,37.5 1 0
github.com/flash1nho/GophKeeper/app/client/cmd/secrets.go:39.62,40.19 1 0
github.com/flash1nho/GophKeeper/app/client/cmd/secrets.go:40.19,41.40 1 0
github.com/flash1nho/GophKeeper/app/client/cmd/secrets.go:41.40,43.6 1 0
github.com/flash1nho/GophKeeper/app/client/cmd/secrets.go:48.2,53.12 5 0
github.com/flash1nho/GophKeeper/app/client/cmd/users.go:13.66,20.61 3 0
github.com/flash1nho/GophKeeper/app/client/cmd/users.go:20.61,25.18 3 0
github.com/flash1nho/GophKeeper/app/client/cmd/users.go:25.18,27.5 1 0
github.com/flash1nho/GophKeeper/app/client/cmd/users.go:29.4,31.21 2 0
github.com/flash1nho/GophKeeper/app/client/cmd/users.go:31.21,33.5 1 0
github.com/flash1nho/GophKeeper/app/client/cmd/users.go:35.62,36.39 1 0
github.com/flash1nho/GophKeeper/app/client/cmd/users.go:36.39,38.5 1 0
github.com/flash1nho/GophKeeper/app/client/cmd/users.go:42.2,45.12 3 0
github.com/flash1nho/GophKeeper/app/client/cmd/secrets/card.go:14.108,29.2 8 0
github.com/flash1nho/GophKeeper/app/client/cmd/secrets/cred.go:13.108,28.2 8 0
github.com/flash1nho/GophKeeper/app/client/cmd/secrets/file.go:13.108,26.2 7 0
github.com/flash1nho/GophKeeper/app/client/cmd/secrets/text.go:13.108,28.2 8 0
github.com/flash1nho/GophKeeper/app/client/cmd/secrets/actions/create.go:13.145,17.48 1 0
github.com/flash1nho/GophKeeper/app/client/cmd/secrets/actions/create.go:17.48,20.18 2 0
github.com/flash1nho/GophKeeper/app/client/cmd/secrets/actions/create.go:20.18,22.5 1 0
github.com/flash1nho/GophKeeper/app/client/cmd/secrets/actions/create.go:24.4,29.39 2 0
github.com/flash1nho/GophKeeper/app/client/cmd/secrets/actions/create.go:29.39,31.5 1 0
github.com/flash1nho/GophKeeper/app/client/cmd/secrets/actions/create.go:33.4,35.18 2 0
github.com/flash1nho/GophKeeper/app/client/cmd/secrets/actions/create.go:35.18,39.5 2 0
github.com/flash1nho/GophKeeper/app/client/cmd/secrets/actions/create.go:41.4,44.84 3 0
github.com/flash1nho/GophKeeper/app/client/cmd/secrets/actions/create.go:44.84,46.5 1 0
github.com/flash1nho/GophKeeper/app/client/cmd/secrets/actions/create.go:50.2,50.31 1 0
github.com/flash1nho/GophKeeper/app/client/cmd/secrets/actions/create.go:50.31,51.21 1 0
github.com/flash1nho/GophKeeper/app/client/cmd/secrets/actions/create.go:52.17,56.35 3 0
github.com/flash1nho/GophKeeper/app/client/cmd/secrets/actions/create.go:57.11,58.92 1 0
github.com/flash1nho/GophKeeper/app/client/cmd/secrets/actions/create.go:62.2,62.12 1 0
github.com/flash1nho/GophKeeper/app/client/cmd/secrets/actions/delete.go:13.117,19.48 2 0
github.com/flash1nho/GophKeeper/app/client/cmd/secrets/actions/delete.go:19.48,22.18 2 0
github.com/flash1nho/GophKeeper/app/client/cmd/secrets/actions/delete.go:22.18,24.5 1 0
github.com/flash1nho/GophKeeper/app/client/cmd/secrets/actions/delete.go:26.4,33.18 3 0
github.com/flash1nho/GophKeeper/app/client/cmd/secrets/actions/delete.go:33.18,37.5 2 0
github.com/flash1nho/GophKeeper/app/client/cmd/secrets/actions/delete.go:39.4,39.78 1 0
github.com/flash1nho/GophKeeper/app/client/cmd/secrets/actions/delete.go:43.2,46.12 3 0
github.com/flash1nho/GophKeeper/app/client/cmd/secrets/actions/download.go:15.119,22.48 3 0
github.com/flash1nho/GophKeeper/app/client/cmd/secrets/actions/download.go:22.48,27.18 3 0
github.com/flash1nho/GophKeeper/app/client/cmd/secrets/actions/download.go:27.18,30.5 2 0
github.com/flash1nho/GophKeeper/app/client/cmd/secrets/actions/download.go:32.4,37.18 2 0
github.com/flash1nho/GophKeeper/app/client/cmd/secrets/actions/download.go:37.18,40.5 2 0
github.com/flash1nho/GophKeeper/app/client/cmd/secrets/actions/download.go:42.4,44.18 2 0
github.com/flash1nho/GophKeeper/app/client/cmd/secrets/actions/download.go:44.18,46.5 1 0
github.com/flash1nho/GophKeeper/app/client/cmd/secrets/actions/download.go:48.4,55.8 5 0
github.com/flash1nho/GophKeeper/app/client/cmd/secrets/actions/download.go:55.8,58.22 2 0
github.com/flash1nho/GophKeeper/app/client/cmd/secrets/actions/download.go:58.22,59.11 1 0
github.com/flash1nho/GophKeeper/app/client/cmd/secrets/actions/download.go:61.5,61.19 1 0
github.com/flash1nho/GophKeeper/app/client/cmd/secrets/actions/download.go:61.19,65.6 2 0
github.com/flash1nho/GophKeeper/app/client/cmd/secrets/actions/download.go:67.5,69.19 2 0
github.com/flash1nho/GophKeeper/app/client/cmd/secrets/actions/download.go:69.19,71.6 1 0
github.com/flash1nho/GophKeeper/app/client/cmd/secrets/actions/download.go:73.5,75.46 2 0
github.com/flash1nho/GophKeeper/app/client/cmd/secrets/actions/download.go:75.46,77.6 1 0
github.com/flash1nho/GophKeeper/app/client/cmd/secrets/actions/download.go:79.5,79.22 1 0
github.com/flash1nho/GophKeeper/app/client/cmd/secrets/actions/download.go:79.22,82.6 2 0
github.com/flash1nho/GophKeeper/app/client/cmd/secrets/actions/download.go:82.11,84.6 1 0
github.com/flash1nho/GophKeeper/app/client/cmd/secrets/actions/download.go:87.4,87.61 1 0
github.com/flash1nho/GophKeeper/app/client/cmd/secrets/actions/download.go:91.2,96.12 5 0
github.com/flash1nho/GophKeeper/app/client/cmd/secrets/actions/get.go:13.114,19.48 2 0
github.com/flash1nho/GophKeeper/app/client/cmd/secrets/actions/get.go:19.48,22.18 2 0
github.com/flash1nho/GophKeeper/app/client/cmd/secrets/actions/get.go:22.18,24.5 1 0
github.com/flash1nho/GophKeeper/app/client/cmd/secrets/actions/get.go:26.4,33.18 3 0
github.com/flash1nho/GophKeeper/app/client/cmd/secrets/actions/get.go:33.18,37.5 2 0
github.com/flash1nho/GophKeeper/app/client/cmd/secrets/actions/get.go:39.4,42.84 3 0
github.com/flash1nho/GophKeeper/app/client/cmd/secrets/actions/get.go:42.84,44.5 1 0
github.com/flash1nho/GophKeeper/app/client/cmd/secrets/actions/get.go:48.2,51.12 3 0
github.com/flash1nho/GophKeeper/app/client/cmd/secrets/actions/list.go:13.115,17.48 1 0
github.com/flash1nho/GophKeeper/app/client/cmd/secrets/actions/list.go:17.48,20.18 2 0
github.com/flash1nho/GophKeeper/app/client/cmd/secrets/actions/list.go:20.18,22.5 1 0
github.com/flash1nho/GophKeeper/app/client/cmd/secrets/actions/list.go:24.4,30.18 3 0
github.com/flash1nho/GophKeeper/app/client/cmd/secrets/actions/list.go:30.18,34.5 2 0
github.com/flash1nho/GophKeeper/app/client/cmd/secrets/actions/list.go:36.4,39.84 3 0
github.com/flash1nho/GophKeeper/app/client/cmd/secrets/actions/list.go:39.84,41.5 1 0
github.com/flash1nho/GophKeeper/app/client/cmd/secrets/actions/list.go:45.2,45.12 1 0
github.com/flash1nho/GophKeeper/app/client/cmd/secrets/actions/update.go:13.145,19.48 2 0
github.com/flash1nho/GophKeeper/app/client/cmd/secrets/actions/update.go:19.48,22.18 2 0
github.com/flash1nho/GophKeeper/app/client/cmd/secrets/actions/update.go:22.18,24.5 1 0
github.com/flash1nho/GophKeeper/app/client/cmd/secrets/actions/update.go:26.4,34.18 3 0
github.com/flash1nho/GophKeeper/app/client/cmd/secrets/actions/update.go:34.18,38.5 2 0
github.com/flash1nho/GophKeeper/app/client/cmd/secrets/actions/update.go:40.4,43.84 3 0
github.com/flash1nho/GophKeeper/app/client/cmd/secrets/actions/update.go:43.84,45.5 1 0
github.com/flash1nho/GophKeeper/app/client/cmd/secrets/actions/update.go:49.2,52.31 3 0
github.com/flash1nho/GophKeeper/app/client/cmd/secrets/actions/update.go:52.31,53.21 1 0
github.com/flash1nho/GophKeeper/app/client/cmd/secrets/actions/update.go:54.17,57.63 2 0
github.com/flash1nho/GophKeeper/app/client/cmd/secrets/actions/update.go:58.11,59.92 1 0
github.com/flash1nho/GophKeeper/app/client/cmd/secrets/actions/update.go:63.2,63.12 1 0
github.com/flash1nho/GophKeeper/app/client/cmd/secrets/actions/upload.go:21.117,27.48 2 0
github.com/flash1nho/GophKeeper/app/client/cmd/secrets/actions/upload.go:27.48,30.18 2 0
github.com/flash1nho/GophKeeper/app/client/cmd/secrets/actions/upload.go:30.18,32.5 1 0
github.com/flash1nho/GophKeeper/app/client/cmd/secrets/actions/upload.go:34.4,38.18 3 0
github.com/flash1nho/GophKeeper/app/client/cmd/secrets/actions/upload.go:38.18,40.5 1 0
github.com/flash1nho/GophKeeper/app/client/cmd/secrets/actions/upload.go:42.4,46.18 2 0
github.com/flash1nho/GophKeeper/app/client/cmd/secrets/actions/upload.go:46.18,50.5 2 0
github.com/flash1nho/GophKeeper/app/client/cmd/secrets/actions/upload.go:52.4,54.25 2 0
github.com/flash1nho/GophKeeper/app/client/cmd/secrets/actions/upload.go:54.25,56.5 1 0
github.com/flash1nho/GophKeeper/app/client/cmd/secrets/actions/upload.go:58.4,60.33 2 0
github.com/flash1nho/GophKeeper/app/client/cmd/secrets/actions/upload.go:60.33,64.5 2 0
github.com/flash1nho/GophKeeper/app/client/cmd/secrets/actions/upload.go:66.4,68.18 2 0
github.com/flash1nho/GophKeeper/app/client/cmd/secrets/actions/upload.go:68.18,70.5 1 0
github.com/flash1nho/GophKeeper/app/client/cmd/secrets/actions/upload.go:72.4,74.18 2 0
github.com/flash1nho/GophKeeper/app/client/cmd/secrets/actions/upload.go:74.18,78.5 2 0
github.com/flash1nho/GophKeeper/app/client/cmd/secrets/actions/upload.go:80.4,89.18 2 0
github.com/flash1nho/GophKeeper/app/client/cmd/secrets/actions/upload.go:89.18,91.5 1 0
github.com/flash1nho/GophKeeper/app/client/cmd/secrets/actions/upload.go:93.4,98.8 4 0
github.com/flash1nho/GophKeeper/app/client/cmd/secrets/actions/upload.go:98.8,101.22 2 0
github.com/flash1nho/GophKeeper/app/client/cmd/secrets/actions/upload.go:101.22,102.11 1 0
github.com/flash1nho/GophKeeper/app/client/cmd/secrets/actions/upload.go:104.5,104.19 1 0
github.com/flash1nho/GophKeeper/app/client/cmd/secrets/actions/upload.go:104.19,106.6 1 0
github.com/flash1nho/GophKeeper/app/client/cmd/secrets/actions/upload.go:108.5,110.19 2 0
github.com/flash1nho/GophKeeper/app/client/cmd/secrets/actions/upload.go:110.19,114.6 2 0
github.com/flash1nho/GophKeeper/app/client/cmd/secrets/actions/upload.go:115.5,118.105 3 0
github.com/flash1nho/GophKeeper/app/client/cmd/secrets/actions/upload.go:121.4,125.18 3 0
github.com/flash1nho/GophKeeper/app/client/cmd/secrets/actions/upload.go:125.18,129.5 2 0
github.com/flash1nho/GophKeeper/app/client/cmd/secrets/actions/upload.go:131.4,134.84 3 0
github.com/flash1nho/GophKeeper/app/client/cmd/secrets/actions/upload.go:134.84,136.5 1 0
github.com/flash1nho/GophKeeper/app/client/cmd/secrets/actions/upload.go:140.2,143.12 3 0
github.com/flash1nho/GophKeeper/app/client/cmd/users/login.go:14.113,21.48 3 0
github.com/flash1nho/GophKeeper/app/client/cmd/users/login.go:21.48,29.18 3 0
github.com/flash1nho/GophKeeper/app/client/cmd/users/login.go:29.18,33.5 2 0
github.com/flash1nho/GophKeeper/app/client/cmd/users/login.go:35.4,39.18 3 0
github.com/flash1nho/GophKeeper/app/client/cmd/users/login.go:39.18,41.5 1 0
github.com/flash1nho/GophKeeper/app/client/cmd/users/login.go:43.4,45.18 2 0
github.com/flash1nho/GophKeeper/app/client/cmd/users/login.go:45.18,47.5 1 0
github.com/flash1nho/GophKeeper/app/client/cmd/users/login.go:49.4,49.49 1 0
github.com/flash1nho/GophKeeper/app/client/cmd/users/login.go:53.2,58.12 5 0
github.com/flash1nho/GophKeeper/app/client/cmd/users/register.go:14.116,22.48 4 0
github.com/flash1nho/GophKeeper/app/client/cmd/users/register.go:22.48,31.18 3 0
github.com/flash1nho/GophKeeper/app/client/cmd/users/register.go:31.18,35.5 2 0
github.com/flash1nho/GophKeeper/app/client/cmd/users/register.go:37.4,41.18 3 0
github.com/flash1nho/GophKeeper/app/client/cmd/users/register.go:41.18,43.5 1 0
github.com/flash1nho/GophKeeper/app/client/cmd/users/register.go:45.4,47.18 2 0
github.com/flash1nho/GophKeeper/app/client/cmd/users/register.go:47.18,49.5 1 0
github.com/flash1nho/GophKeeper/app/client/cmd/users/register.go:51.4,51.63 1 0
github.com/flash1nho/GophKeeper/app/client/cmd/users/register.go:55.2,62.12 7 0
github.com/flash1nho/GophKeeper/app/client/helpers/helpers.go:23.44,24.35 1 0
github.com/flash1nho/GophKeeper/app/client/helpers/helpers.go:24.35,27.33 2 0
github.com/flash1nho/GophKeeper/app/client/helpers/helpers.go:27.33,29.4 1 0
github.com/flash1nho/GophKeeper/app/client/helpers/helpers.go:31.3,31.46 1 0
github.com/flash1nho/GophKeeper/app/client/helpers/helpers.go:31.46,34.17 2 0
github.com/flash1nho/GophKeeper/app/client/helpers/helpers.go:34.17,36.5 1 0
github.com/flash1nho/GophKeeper/app/client/helpers/helpers.go:39.3,39.69 1 0
github.com/flash1nho/GophKeeper/app/client/helpers/helpers.go:39.69,43.30 3 0
github.com/flash1nho/GophKeeper/app/client/helpers/helpers.go:43.30,45.5 1 0
github.com/flash1nho/GophKeeper/app/client/helpers/helpers.go:47.4,49.27 2 0
github.com/flash1nho/GophKeeper/app/client/helpers/helpers.go:49.27,53.5 2 0
github.com/flash1nho/GophKeeper/app/client/helpers/helpers.go:56.3,58.26 2 0
github.com/flash1nho/GophKeeper/app/client/helpers/helpers.go:58.26,59.32 1 0
github.com/flash1nho/GophKeeper/app/client/helpers/helpers.go:59.32,61.5 1 0
github.com/flash1nho/GophKeeper/app/client/helpers/helpers.go:64.3,64.21 1 0
github.com/flash1nho/GophKeeper/app/client/helpers/helpers.go:68.75,73.40 3 0
github.com/flash1nho/GophKeeper/app/client/helpers/helpers.go:73.40,74.21 1 0
github.com/flash1nho/GophKeeper/app/client/helpers/helpers.go:74.21,79.4 3 0
github.com/flash1nho/GophKeeper/app/client/helpers/helpers.go:81.3,83.25 2 0
github.com/flash1nho/GophKeeper/app/client/helpers/helpers.go:84.32,85.41 1 0
github.com/flash1nho/GophKeeper/app/client/helpers/helpers.go:86.15,87.40 1 0
github.com/flash1nho/GophKeeper/app/client/helpers/helpers.go:88.29,89.43 1 0
github.com/flash1nho/GophKeeper/app/client/helpers/helpers.go:90.11,91.26 1 0
github.com/flash1nho/GophKeeper/app/client/helpers/helpers.go:94.3,94.24 1 0
github.com/flash1nho/GophKeeper/app/client/helpers/helpers.go:97.2,99.16 2 0
github.com/flash1nho/GophKeeper/app/client/helpers/helpers.go:99.16,101.3 1 0
github.com/flash1nho/GophKeeper/app/client/helpers/helpers.go:103.2,105.25 2 0
github.com/flash1nho/GophKeeper/app/client/helpers/helpers.go:105.25,107.3 1 0
github.com/flash1nho/GophKeeper/app/client/helpers/helpers.go:109.2,109.34 1 0
github.com/flash1nho/GophKeeper/app/client/helpers/helpers.go:112.47,113.48 1 0
github.com/flash1nho/GophKeeper/app/client/helpers/helpers.go:113.48,115.3 1 0
github.com/flash1nho/GophKeeper/app/client/helpers/helpers.go:115.8,117.3 1 0
github.com/flash1nho/GophKeeper/app/client/helpers/helpers.go:120.47,124.31 3 0
github.com/flash1nho/GophKeeper/app/client/helpers/helpers.go:124.31,126.3 1 0
github.com/flash1nho/GophKeeper/app/client/helpers/helpers.go:128.2,128.38 1 0
github.com/flash1nho/GophKeeper/app/client/helpers/helpers.go:128.38,131.40 2 0
github.com/flash1nho/GophKeeper/app/client/helpers/helpers.go:131.40,132.12 1 0
github.com/flash1nho/GophKeeper/app/client/helpers/helpers.go:135.3,137.32 2 0
github.com/flash1nho/GophKeeper/app/client/helpers/helpers.go:137.32,138.12 1 0
github.com/flash1nho/GophKeeper/app/client/helpers/helpers.go:141.3,146.5 2 0
github.com/flash1nho/GophKeeper/app/client/helpers/helpers.go:149.2,149.13 1 0
github.com/flash1nho/GophKeeper/app/server/main.go:11.13,15.16 3 0
github.com/flash1nho/GophKeeper/app/server/main.go:15.16,17.3 1 0
github.com/flash1nho/GophKeeper/app/server/main.go:19.2,21.35 3 0
github.com/flash1nho/GophKeeper/certs/certs.go:13.48,16.16 2 0
github.com/flash1nho/GophKeeper/certs/certs.go:16.16,18.3 1 0
github.com/flash1nho/GophKeeper/certs/certs.go:20.2,22.16 2 0
github.com/flash1nho/GophKeeper/certs/certs.go:22.16,24.3 1 0
github.com/flash1nho/GophKeeper/certs/certs.go:26.2,28.16 2 0
github.com/flash1nho/GophKeeper/certs/certs.go:28.16,30.3 1 0
github.com/flash1nho/GophKeeper/certs/certs.go:32.2,32.58 1 0
github.com/flash1nho/GophKeeper/config/config.go:19.32,22.16 2 0
github.com/flash1nho/GophKeeper/config/config.go:22.16,24.3 1 0
github.com/flash1nho/GophKeeper/config/config.go:26.2,28.16 2 0
github.com/flash1nho/GophKeeper/config/config.go:28.16,30.3 1 0
github.com/flash1nho/GophKeeper/config/config.go:32.2,37.3 1 0
github.com/flash1nho/GophKeeper/internal/db/db.go:14.55,18.23 3 0
github.com/flash1nho/GophKeeper/internal/db/db.go:18.23,20.3 1 0
github.com/flash1nho/GophKeeper/internal/db/db.go:20.8,23.17 2 0
github.com/flash1nho/GophKeeper/internal/db/db.go:23.17,25.4 1 0
github.com/flash1nho/GophKeeper/internal/db/db.go:27.3,29.17 2 0
github.com/flash1nho/GophKeeper/internal/db/db.go:29.17,31.4 1 0
github.com/flash1nho/GophKeeper/internal/db/db.go:33.3,33.62 1 0
github.com/flash1nho/GophKeeper/internal/db/db.go:33.62,35.4 1 0
github.com/flash1nho/GophKeeper/internal/db/db.go:38.2,38.18 1 0
github.com/flash1nho/GophKeeper/internal/db/db.go:41.57,44.16 2 0
github.com/flash1nho/GophKeeper/internal/db/db.go:44.16,46.3 1 0
github.com/flash1nho/GophKeeper/internal/db/db.go:48.2,50.16 2 0
github.com/flash1nho/GophKeeper/internal/db/db.go:50.16,52.3 1 0
github.com/flash1nho/GophKeeper/internal/db/db.go:54.2,54.18 1 0
github.com/flash1nho/GophKeeper/internal/facade/facade.go:11.26,13.2 1 0
github.com/flash1nho/GophKeeper/internal/facade/facade.go:15.73,18.16 2 0
github.com/flash1nho/GophKeeper/internal/facade/facade.go:18.16,20.3 1 0
github.com/flash1nho/GophKeeper/internal/facade/facade.go:22.2,22.20 1 0
github.com/flash1nho/GophKeeper/internal/grpc/grpc_handler.go:16.109,23.2 1 0
github.com/flash1nho/GophKeeper/internal/grpc/grpc_private_handler.go:27.64,27.99 1 0
github.com/flash1nho/GophKeeper/internal/grpc/grpc_private_handler.go:28.64,28.99 1 0
github.com/flash1nho/GophKeeper/internal/grpc/grpc_private_handler.go:29.64,29.99 1 0
github.com/flash1nho/GophKeeper/internal/grpc/grpc_private_handler.go:30.64,30.99 1 0
github.com/flash1nho/GophKeeper/internal/grpc/grpc_private_handler.go:41.123,47.2 1 0
github.com/flash1nho/GophKeeper/internal/grpc/grpc_private_handler.go:49.103,52.16 2 0
github.com/flash1nho/GophKeeper/internal/grpc/grpc_private_handler.go:52.16,54.3 1 0
github.com/flash1nho/GophKeeper/internal/grpc/grpc_private_handler.go:56.2,58.16 2 0
github.com/flash1nho/GophKeeper/internal/grpc/grpc_private_handler.go:58.16,60.3 1 0
github.com/flash1nho/GophKeeper/internal/grpc/grpc_private_handler.go:62.2,64.16 2 0
github.com/flash1nho/GophKeeper/internal/grpc/grpc_private_handler.go:64.16,66.3 1 0
github.com/flash1nho/GophKeeper/internal/grpc/grpc_private_handler.go:68.2,70.16 2 0
github.com/flash1nho/GophKeeper/internal/grpc/grpc_private_handler.go:70.16,72.3 1 0
github.com/flash1nho/GophKeeper/internal/grpc/grpc_private_handler.go:74.2,74.49 1 0
github.com/flash1nho/GophKeeper/internal/grpc/grpc_private_handler.go:77.94,80.16 2 0
github.com/flash1nho/GophKeeper/internal/grpc/grpc_private_handler.go:80.16,82.3 1 0
github.com/flash1nho/GophKeeper/internal/grpc/grpc_private_handler.go:84.2,86.16 2 0
github.com/flash1nho/GophKeeper/internal/grpc/grpc_private_handler.go:86.16,88.3 1 0
github.com/flash1nho/GophKeeper/internal/grpc/grpc_private_handler.go:90.2,92.16 2 0
github.com/flash1nho/GophKeeper/internal/grpc/grpc_private_handler.go:92.16,94.3 1 0
github.com/flash1nho/GophKeeper/internal/grpc/grpc_private_handler.go:96.2,96.46 1 0
github.com/flash1nho/GophKeeper/internal/grpc/grpc_private_handler.go:99.97,102.16 2 0
github.com/flash1nho/GophKeeper/internal/grpc/grpc_private_handler.go:102.16,104.3 1 0
github.com/flash1nho/GophKeeper/internal/grpc/grpc_private_handler.go:106.2,108.16 2 0
github.com/flash1nho/GophKeeper/internal/grpc/grpc_private_handler.go:108.16,110.3 1 0
github.com/flash1nho/GophKeeper/internal/grpc/grpc_private_handler.go:112.2,114.16 2 0
github.com/flash1nho/GophKeeper/internal/grpc/grpc_private_handler.go:114.16,116.3 1 0
github.com/flash1nho/GophKeeper/internal/grpc/grpc_private_handler.go:118.2,118.47 1 0
github.com/flash1nho/GophKeeper/internal/grpc/grpc_private_handler.go:121.103,124.16 2 0
github.com/flash1nho/GophKeeper/internal/grpc/grpc_private_handler.go:124.16,126.3 1 0
github.com/flash1nho/GophKeeper/internal/grpc/grpc_private_handler.go:128.2,130.16 2 0
github.com/flash1nho/GophKeeper/internal/grpc/grpc_private_handler.go:130.16,132.3 1 0
github.com/flash1nho/GophKeeper/internal/grpc/grpc_private_handler.go:134.3,137.19 3 0
github.com/flash1nho/GophKeeper/internal/grpc/grpc_private_handler.go:137.19,139.3 1 0
github.com/flash1nho/GophKeeper/internal/grpc/grpc_private_handler.go:141.2,141.16 1 0
github.com/flash1nho/GophKeeper/internal/grpc/grpc_private_handler.go:141.16,143.3 1 0
github.com/flash1nho/GophKeeper/internal/grpc/grpc_private_handler.go:145.2,147.16 2 0
github.com/flash1nho/GophKeeper/internal/grpc/grpc_private_handler.go:147.16,149.3 1 0
github.com/flash1nho/GophKeeper/internal/grpc/grpc_private_handler.go:151.2,151.49 1 0
github.com/flash1nho/GophKeeper/internal/grpc/grpc_private_handler.go:154.103,157.16 2 0
github.com/flash1nho/GophKeeper/internal/grpc/grpc_private_handler.go:157.16,159.3 1 0
github.com/flash1nho/GophKeeper/internal/grpc/grpc_private_handler.go:161.2,161.65 1 0
github.com/flash1nho/GophKeeper/internal/grpc/grpc_private_handler.go:161.65,163.3 1 0
github.com/flash1nho/GophKeeper/internal/grpc/grpc_private_handler.go:165.2,165.31 1 0
github.com/flash1nho/GophKeeper/internal/grpc/grpc_private_handler.go:168.124,171.16 2 0
github.com/flash1nho/GophKeeper/internal/grpc/grpc_private_handler.go:171.16,173.3 1 0
github.com/flash1nho/GophKeeper/internal/grpc/grpc_private_handler.go:175.2,177.24 2 0
github.com/flash1nho/GophKeeper/internal/grpc/grpc_private_handler.go:177.24,179.3 1 0
github.com/flash1nho/GophKeeper/internal/grpc/grpc_private_handler.go:181.2,183.16 2 0
github.com/flash1nho/GophKeeper/internal/grpc/grpc_private_handler.go:183.16,185.3 1 0
github.com/flash1nho/GophKeeper/internal/grpc/grpc_private_handler.go:187.2,189.16 2 0
github.com/flash1nho/GophKeeper/internal/grpc/grpc_private_handler.go:189.16,191.3 1 0
github.com/flash1nho/GophKeeper/internal/grpc/grpc_private_handler.go:193.2,193.59 1 0
github.com/flash1nho/GophKeeper/internal/grpc/grpc_private_handler.go:196.89,201.16 3 0
github.com/flash1nho/GophKeeper/internal/grpc/grpc_private_handler.go:201.16,203.3 1 0
github.com/flash1nho/GophKeeper/internal/grpc/grpc_private_handler.go:205.2,208.16 3 0
github.com/flash1nho/GophKeeper/internal/grpc/grpc_private_handler.go:208.16,210.3 1 0
github.com/flash1nho/GophKeeper/internal/grpc/grpc_private_handler.go:212.2,216.15 4 0
github.com/flash1nho/GophKeeper/internal/grpc/grpc_private_handler.go:216.15,217.18 1 0
github.com/flash1nho/GophKeeper/internal/grpc/grpc_private_handler.go:217.18,219.4 1 0
github.com/flash1nho/GophKeeper/internal/grpc/grpc_private_handler.go:221.3,221.62 1 0
github.com/flash1nho/GophKeeper/internal/grpc/grpc_private_handler.go:221.62,229.21 6 0
github.com/flash1nho/GophKeeper/internal/grpc/grpc_private_handler.go:229.21,231.5 1 0
github.com/flash1nho/GophKeeper/internal/grpc/grpc_private_handler.go:233.4,233.18 1 0
github.com/flash1nho/GophKeeper/internal/grpc/grpc_private_handler.go:233.18,235.5 1 0
github.com/flash1nho/GophKeeper/internal/grpc/grpc_private_handler.go:239.2,239.6 1 0
github.com/flash1nho/GophKeeper/internal/grpc/grpc_private_handler.go:239.6,242.20 2 0
github.com/flash1nho/GophKeeper/internal/grpc/grpc_private_handler.go:242.20,243.9 1 0
github.com/flash1nho/GophKeeper/internal/grpc/grpc_private_handler.go:246.3,246.17 1 0
github.com/flash1nho/GophKeeper/internal/grpc/grpc_private_handler.go:246.17,248.4 1 0
github.com/flash1nho/GophKeeper/internal/grpc/grpc_private_handler.go:250.3,250.67 1 0
github.com/flash1nho/GophKeeper/internal/grpc/grpc_private_handler.go:250.67,255.18 3 0
github.com/flash1nho/GophKeeper/internal/grpc/grpc_private_handler.go:255.18,257.5 1 0
github.com/flash1nho/GophKeeper/internal/grpc/grpc_private_handler.go:259.4,261.18 2 0
github.com/flash1nho/GophKeeper/internal/grpc/grpc_private_handler.go:261.18,263.5 1 0
github.com/flash1nho/GophKeeper/internal/grpc/grpc_private_handler.go:265.4,267.40 2 0
github.com/flash1nho/GophKeeper/internal/grpc/grpc_private_handler.go:267.40,269.5 1 0
github.com/flash1nho/GophKeeper/internal/grpc/grpc_private_handler.go:271.4,273.18 2 0
github.com/flash1nho/GophKeeper/internal/grpc/grpc_private_handler.go:273.18,275.5 1 0
github.com/flash1nho/GophKeeper/internal/grpc/grpc_private_handler.go:277.4,277.12 1 0
github.com/flash1nho/GophKeeper/internal/grpc/grpc_private_handler.go:280.3,280.18 1 0
github.com/flash1nho/GophKeeper/internal/grpc/grpc_private_handler.go:280.18,282.4 1 0
github.com/flash1nho/GophKeeper/internal/grpc/grpc_private_handler.go:284.3,284.44 1 0
github.com/flash1nho/GophKeeper/internal/grpc/grpc_private_handler.go:284.44,288.18 3 0
github.com/flash1nho/GophKeeper/internal/grpc/grpc_private_handler.go:288.18,290.5 1 0
github.com/flash1nho/GophKeeper/internal/grpc/grpc_private_handler.go:292.4,294.18 2 0
github.com/flash1nho/GophKeeper/internal/grpc/grpc_private_handler.go:294.18,296.5 1 0
github.com/flash1nho/GophKeeper/internal/grpc/grpc_private_handler.go:298.4,298.29 1 0
github.com/flash1nho/GophKeeper/internal/grpc/grpc_private_handler.go:302.2,304.16 2 0
github.com/flash1nho/GophKeeper/internal/grpc/grpc_private_handler.go:304.16,306.3 1 0
github.com/flash1nho/GophKeeper/internal/grpc/grpc_private_handler.go:308.2,310.16 2 0
github.com/flash1nho/GophKeeper/internal/grpc/grpc_private_handler.go:310.16,312.3 1 0
github.com/flash1nho/GophKeeper/internal/grpc/grpc_private_handler.go:314.2,314.65 1 0
github.com/flash1nho/GophKeeper/internal/grpc/grpc_private_handler.go:317.115,322.16 3 0
github.com/flash1nho/GophKeeper/internal/grpc/grpc_private_handler.go:322.16,324.3 1 0
github.com/flash1nho/GophKeeper/internal/grpc/grpc_private_handler.go:326.2,331.16 4 0
github.com/flash1nho/GophKeeper/internal/grpc/grpc_private_handler.go:331.16,333.3 1 0
github.com/flash1nho/GophKeeper/internal/grpc/grpc_private_handler.go:335.2,337.16 2 0
github.com/flash1nho/GophKeeper/internal/grpc/grpc_private_handler.go:337.16,339.3 1 0
github.com/flash1nho/GophKeeper/internal/grpc/grpc_private_handler.go:341.2,343.16 2 0
github.com/flash1nho/GophKeeper/internal/grpc/grpc_private_handler.go:343.16,345.3 1 0
github.com/flash1nho/GophKeeper/internal/grpc/grpc_private_handler.go:347.2,349.16 2 0
github.com/flash1nho/GophKeeper/internal/grpc/grpc_private_handler.go:349.16,351.3 1 0
github.com/flash1nho/GophKeeper/internal/grpc/grpc_private_handler.go:353.2,358.16 4 0
github.com/flash1nho/GophKeeper/internal/grpc/grpc_private_handler.go:358.16,360.3 1 0
github.com/flash1nho/GophKeeper/internal/grpc/grpc_private_handler.go:362.2,364.6 2 0
github.com/flash1nho/GophKeeper/internal/grpc/grpc_private_handler.go:364.6,365.10 1 0
github.com/flash1nho/GophKeeper/internal/grpc/grpc_private_handler.go:366.21,367.20 1 0
github.com/flash1nho/GophKeeper/internal/grpc/grpc_private_handler.go:368.11,368.11 0 0
github.com/flash1nho/GophKeeper/internal/grpc/grpc_private_handler.go:371.3,373.20 2 0
github.com/flash1nho/GophKeeper/internal/grpc/grpc_private_handler.go:373.20,374.9 1 0
github.com/flash1nho/GophKeeper/internal/grpc/grpc_private_handler.go:377.3,377.17 1 0
github.com/flash1nho/GophKeeper/internal/grpc/grpc_private_handler.go:377.17,379.4 1 0
github.com/flash1nho/GophKeeper/internal/grpc/grpc_private_handler.go:381.3,383.17 2 0
github.com/flash1nho/GophKeeper/internal/grpc/grpc_private_handler.go:383.17,385.4 1 0
github.com/flash1nho/GophKeeper/internal/grpc/grpc_private_handler.go:387.3,392.17 2 0
github.com/flash1nho/GophKeeper/internal/grpc/grpc_private_handler.go:392.17,394.4 1 0
github.com/flash1nho/GophKeeper/internal/grpc/grpc_private_handler.go:396.3,396.28 1 0
github.com/flash1nho/GophKeeper/internal/grpc/grpc_private_handler.go:399.2,399.12 1 0
github.com/flash1nho/GophKeeper/internal/grpc/grpc_private_handler.go:402.112,405.16 2 0
github.com/flash1nho/GophKeeper/internal/grpc/grpc_private_handler.go:405.16,407.3 1 0
github.com/flash1nho/GophKeeper/internal/grpc/grpc_private_handler.go:409.2,411.9 2 0
github.com/flash1nho/GophKeeper/internal/grpc/grpc_private_handler.go:411.9,413.3 1 0
github.com/flash1nho/GophKeeper/internal/grpc/grpc_private_handler.go:415.2,415.54 1 0
github.com/flash1nho/GophKeeper/internal/grpc/grpc_private_handler.go:418.117,421.17 2 0
github.com/flash1nho/GophKeeper/internal/grpc/grpc_private_handler.go:421.17,422.62 1 0
github.com/flash1nho/GophKeeper/internal/grpc/grpc_private_handler.go:422.62,424.4 1 0
github.com/flash1nho/GophKeeper/internal/grpc/grpc_private_handler.go:427.2,427.12 1 0
github.com/flash1nho/GophKeeper/internal/grpc/grpc_private_handler.go:430.77,440.52 3 0
github.com/flash1nho/GophKeeper/internal/grpc/grpc_private_handler.go:440.52,442.3 1 0
github.com/flash1nho/GophKeeper/internal/grpc/grpc_private_handler.go:444.2,444.12 1 0
github.com/flash1nho/GophKeeper/internal/grpc/grpc_private_handler.go:447.85,450.16 2 0
github.com/flash1nho/GophKeeper/internal/grpc/grpc_private_handler.go:450.16,452.3 1 0
github.com/flash1nho/GophKeeper/internal/grpc/grpc_private_handler.go:454.2,456.54 2 0
github.com/flash1nho/GophKeeper/internal/grpc/grpc_private_handler.go:456.54,458.3 1 0
github.com/flash1nho/GophKeeper/internal/grpc/grpc_private_handler.go:460.2,462.16 2 0
github.com/flash1nho/GophKeeper/internal/grpc/grpc_private_handler.go:462.16,464.3 1 0
github.com/flash1nho/GophKeeper/internal/grpc/grpc_private_handler.go:466.2,466.18 1 0
github.com/flash1nho/GophKeeper/internal/grpc/grpc_private_handler.go:469.92,470.39 1 0
github.com/flash1nho/GophKeeper/internal/grpc/grpc_private_handler.go:470.39,472.3 1 0
github.com/flash1nho/GophKeeper/internal/grpc/grpc_private_handler.go:474.2,474.26 1 0
github.com/flash1nho/GophKeeper/internal/grpc/grpc_private_handler.go:474.26,475.49 1 0
github.com/flash1nho/GophKeeper/internal/grpc/grpc_private_handler.go:475.49,480.4 4 0
github.com/flash1nho/GophKeeper/internal/grpc/grpc_private_handler.go:484.115,489.16 3 0
github.com/flash1nho/GophKeeper/internal/grpc/grpc_private_handler.go:489.16,491.3 1 0
github.com/flash1nho/GophKeeper/internal/grpc/grpc_private_handler.go:493.2,493.17 1 0
github.com/flash1nho/GophKeeper/internal/grpc/grpc_private_handler.go:493.17,496.17 2 0
github.com/flash1nho/GophKeeper/internal/grpc/grpc_private_handler.go:496.17,498.4 1 0
github.com/flash1nho/GophKeeper/internal/grpc/grpc_private_handler.go:500.3,502.56 2 0
github.com/flash1nho/GophKeeper/internal/grpc/grpc_private_handler.go:502.56,504.4 1 0
github.com/flash1nho/GophKeeper/internal/grpc/grpc_private_handler.go:506.3,508.17 2 0
github.com/flash1nho/GophKeeper/internal/grpc/grpc_private_handler.go:508.17,510.4 1 0
github.com/flash1nho/GophKeeper/internal/grpc/grpc_private_handler.go:512.3,512.56 1 0
github.com/flash1nho/GophKeeper/internal/grpc/grpc_private_handler.go:512.56,514.4 1 0
github.com/flash1nho/GophKeeper/internal/grpc/grpc_private_handler.go:517.2,517.24 1 0
github.com/flash1nho/GophKeeper/internal/grpc/grpc_private_handler.go:517.24,519.3 1 0
github.com/flash1nho/GophKeeper/internal/grpc/grpc_private_handler.go:521.2,521.12 1 0
github.com/flash1nho/GophKeeper/internal/grpc/grpc_public_handler.go:19.116,23.16 3 0
github.com/flash1nho/GophKeeper/internal/grpc/grpc_public_handler.go:23.16,25.3 1 0
github.com/flash1nho/GophKeeper/internal/grpc/grpc_public_handler.go:27.2,27.49 1 0
github.com/flash1nho/GophKeeper/internal/grpc/grpc_public_handler.go:30.107,34.16 3 0
github.com/flash1nho/GophKeeper/internal/grpc/grpc_public_handler.go:34.16,36.3 1 0
github.com/flash1nho/GophKeeper/internal/grpc/grpc_public_handler.go:38.2,38.46 1 0
github.com/flash1nho/GophKeeper/internal/grpc/private.pb.go:34.33,39.2 4 0
github.com/flash1nho/GophKeeper/internal/grpc/private.pb.go:41.41,43.2 1 0
github.com/flash1nho/GophKeeper/internal/grpc/private.pb.go:45.39,45.40 0 0
github.com/flash1nho/GophKeeper/internal/grpc/private.pb.go:47.61,49.14 2 0
github.com/flash1nho/GophKeeper/internal/grpc/private.pb.go:49.14,51.34 2 0
github.com/flash1nho/GophKeeper/internal/grpc/private.pb.go:51.34,53.4 1 0
github.com/flash1nho/GophKeeper/internal/grpc/private.pb.go:54.3,54.12 1 0
github.com/flash1nho/GophKeeper/internal/grpc/private.pb.go:56.2,56.24 1 0
github.com/flash1nho/GophKeeper/internal/grpc/private.pb.go:60.52,62.2 1 0
github.com/flash1nho/GophKeeper/internal/grpc/private.pb.go:64.51,65.14 1 0
github.com/flash1nho/GophKeeper/internal/grpc/private.pb.go:65.14,67.3 1 0
github.com/flash1nho/GophKeeper/internal/grpc/private.pb.go:68.2,68.12 1 0
github.com/flash1nho/GophKeeper/internal/grpc/private.pb.go:71.42,72.14 1 0
github.com/flash1nho/GophKeeper/internal/grpc/private.pb.go:72.14,74.3 1 0
github.com/flash1nho/GophKeeper/internal/grpc/private.pb.go:75.2,75.11 1 0
github.com/flash1nho/GophKeeper/internal/grpc/private.pb.go:85.34,90.2 4 0
github.com/flash1nho/GophKeeper/internal/grpc/private.pb.go:92.42,94.2 1 0
github.com/flash1nho/GophKeeper/internal/grpc/private.pb.go:96.40,96.41 0 0
github.com/flash1nho/GophKeeper/internal/grpc/private.pb.go:98.62,100.14 2 0
github.com/flash1nho/GophKeeper/internal/grpc/private.pb.go:100.14,102.34 2 0
github.com/flash1nho/GophKeeper/internal/grpc/private.pb.go:102.34,104.4 1 0
github.com/flash1nho/GophKeeper/internal/grpc/private.pb.go:105.3,105.12 1 0
github.com/flash1nho/GophKeeper/internal/grpc/private.pb.go:107.2,107.24 1 0
github.com/flash1nho/GophKeeper/internal/grpc/private.pb.go:111.53,113.2 1 0
github.com/flash1nho/GophKeeper/internal/grpc/private.pb.go:115.58,116.14 1 0
github.com/flash1nho/GophKeeper/internal/grpc/private.pb.go:116.14,118.3 1 0
github.com/flash1nho/GophKeeper/internal/grpc/private.pb.go:119.2,119.12 1 0
github.com/flash1nho/GophKeeper/internal/grpc/private.pb.go:130.30,135.2 4 0
github.com/flash1nho/GophKeeper/internal/grpc/private.pb.go:137.38,139.2 1 0
github.com/flash1nho/GophKeeper/internal/grpc/private.pb.go:141.36,141.37 0 0
github.com/flash1nho/GophKeeper/internal/grpc/private.pb.go:143.58,145.14 2 0
github.com/flash1nho/GophKeeper/internal/grpc/private.pb.go:145.14,147.34 2 0
github.com/flash1nho/GophKeeper/internal/grpc/private.pb.go:147.34,149.4 1 0
github.com/flash1nho/GophKeeper/internal/grpc/private.pb.go:150.3,150.12 1 0
github.com/flash1nho/GophKeeper/internal/grpc/private.pb.go:152.2,152.24 1 0
github.com/flash1nho/GophKeeper/internal/grpc/private.pb.go:156.49,158.2 1 0
github.com/flash1nho/GophKeeper/internal/grpc/private.pb.go:160.36,161.14 1 0
github.com/flash1nho/GophKeeper/internal/grpc/private.pb.go:161.14,163.3 1 0
github.com/flash1nho/GophKeeper/internal/grpc/private.pb.go:164.2,164.10 1 0
github.com/flash1nho/GophKeeper/internal/grpc/private.pb.go:167.39,168.14 1 0
github.com/flash1nho/GophKeeper/internal/grpc/private.pb.go:168.14,170.3 1 0
github.com/flash1nho/GophKeeper/internal/grpc/private.pb.go:171.2,171.11 1 0
github.com/flash1nho/GophKeeper/internal/grpc/private.pb.go:181.31,186.2 4 0
github.com/flash1nho/GophKeeper/internal/grpc/private.pb.go:188.39,190.2 1 0
github.com/flash1nho/GophKeeper/internal/grpc/private.pb.go:192.37,192.38 0 0
github.com/flash1nho/GophKeeper/internal/grpc/private.pb.go:194.59,196.14 2 0
github.com/flash1nho/GophKeeper/internal/grpc/private.pb.go:196.14,198.34 2 0
github.com/flash1nho/GophKeeper/internal/grpc/private.pb.go:198.34,200.4 1 0
github.com/flash1nho/GophKeeper/internal/grpc/private.pb.go:201.3,201.12 1 0
github.com/flash1nho/GophKeeper/internal/grpc/private.pb.go:203.2,203.24 1 0
github.com/flash1nho/GophKeeper/internal/grpc/private.pb.go:207.50,209.2 1 0
github.com/flash1nho/GophKeeper/internal/grpc/private.pb.go:211.55,212.14 1 0
github.com/flash1nho/GophKeeper/internal/grpc/private.pb.go:212.14,214.3 1 0
github.com/flash1nho/GophKeeper/internal/grpc/private.pb.go:215.2,215.12 1 0
github.com/flash1nho/GophKeeper/internal/grpc/private.pb.go:225.31,230.2 4 0
github.com/flash1nho/GophKeeper/internal/grpc/private.pb.go:232.39,234.2 1 0
github.com/flash1nho/GophKeeper/internal/grpc/private.pb.go:236.37,236.38 0 0
github.com/flash1nho/GophKeeper/internal/grpc/private.pb.go:238.59,240.14 2 0
github.com/flash1nho/GophKeeper/internal/grpc/private.pb.go:240.14,242.34 2 0
github.com/flash1nho/GophKeeper/internal/grpc/private.pb.go:242.34,244.4 1 0
github.com/flash1nho/GophKeeper/internal/grpc/private.pb.go:245.3,245.12 1 0
github.com/flash1nho/GophKeeper/internal/grpc/private.pb.go:247.2,247.24 1 0
github.com/flash1nho/GophKeeper/internal/grpc/private.pb.go:251.50,253.2 1 0
github.com/flash1nho/GophKeeper/internal/grpc/private.pb.go:255.40,256.14 1 0
github.com/flash1nho/GophKeeper/internal/grpc/private.pb.go:256.14,258.3 1 0
github.com/flash1nho/GophKeeper/internal/grpc/private.pb.go:259.2,259.11 1 0
github.com/flash1nho/GophKeeper/internal/grpc/private.pb.go:269.32,274.2 4 0
github.com/flash1nho/GophKeeper/internal/grpc/private.pb.go:276.40,278.2 1 0
github.com/flash1nho/GophKeeper/internal/grpc/private.pb.go:280.38,280.39 0 0
github.com/flash1nho/GophKeeper/internal/grpc/private.pb.go:282.60,284.14 2 0
github.com/flash1nho/GophKeeper/internal/grpc/private.pb.go:284.14,286.34 2 0
github.com/flash1nho/GophKeeper/internal/grpc/private.pb.go:286.34,288.4 1 0
github.com/flash1nho/GophKeeper/internal/grpc/private.pb.go:289.3,289.12 1 0
github.com/flash1nho/GophKeeper/internal/grpc/private.pb.go:291.2,291.24 1 0
github.com/flash1nho/GophKeeper/internal/grpc/private.pb.go:295.51,297.2 1 0
github.com/flash1nho/GophKeeper/internal/grpc/private.pb.go:299.56,300.14 1 0
github.com/flash1nho/GophKeeper/internal/grpc/private.pb.go:300.14,302.3 1 0
github.com/flash1nho/GophKeeper/internal/grpc/private.pb.go:303.2,303.12 1 0
github.com/flash1nho/GophKeeper/internal/grpc/private.pb.go:315.33,320.2 4 0
github.com/flash1nho/GophKeeper/internal/grpc/private.pb.go:322.41,324.2 1 0
github.com/flash1nho/GophKeeper/internal/grpc/private.pb.go:326.39,326.40 0 0
github.com/flash1nho/GophKeeper/internal/grpc/private.pb.go:328.61,330.14 2 0
github.com/flash1nho/GophKeeper/internal/grpc/private.pb.go:330.14,332.34 2 0
github.com/flash1nho/GophKeeper/internal/grpc/private.pb.go:332.34,334.4 1 0
github.com/flash1nho/GophKeeper/internal/grpc/private.pb.go:335.3,335.12 1 0
github.com/flash1nho/GophKeeper/internal/grpc/private.pb.go:337.2,337.24 1 0
github.com/flash1nho/GophKeeper/internal/grpc/private.pb.go:341.52,343.2 1 0
github.com/flash1nho/GophKeeper/internal/grpc/private.pb.go:345.39,346.14 1 0
github.com/flash1nho/GophKeeper/internal/grpc/private.pb.go:346.14,348.3 1 0
github.com/flash1nho/GophKeeper/internal/grpc/private.pb.go:349.2,349.10 1 0
github.com/flash1nho/GophKeeper/internal/grpc/private.pb.go:352.51,353.14 1 0
github.com/flash1nho/GophKeeper/internal/grpc/private.pb.go:353.14,355.3 1 0
github.com/flash1nho/GophKeeper/internal/grpc/private.pb.go:356.2,356.12 1 0
github.com/flash1nho/GophKeeper/internal/grpc/private.pb.go:359.42,360.14 1 0
github.com/flash1nho/GophKeeper/internal/grpc/private.pb.go:360.14,362.3 1 0
github.com/flash1nho/GophKeeper/internal/grpc/private.pb.go:363.2,363.11 1 0
github.com/flash1nho/GophKeeper/internal/grpc/private.pb.go:373.34,378.2 4 0
github.com/flash1nho/GophKeeper/internal/grpc/private.pb.go:380.42,382.2 1 0
github.com/flash1nho/GophKeeper/internal/grpc/private.pb.go:384.40,384.41 0 0
github.com/flash1nho/GophKeeper/internal/grpc/private.pb.go:386.62,388.14 2 0
github.com/flash1nho/GophKeeper/internal/grpc/private.pb.go:388.14,390.34 2 0
github.com/flash1nho/GophKeeper/internal/grpc/private.pb.go:390.34,392.4 1 0
github.com/flash1nho/GophKeeper/internal/grpc/private.pb.go:393.3,393.12 1 0
github.com/flash1nho/GophKeeper/internal/grpc/private.pb.go:395.2,395.24 1 0
github.com/flash1nho/GophKeeper/internal/grpc/private.pb.go:399.53,401.2 1 0
github.com/flash1nho/GophKeeper/internal/grpc/private.pb.go:403.58,404.14 1 0
github.com/flash1nho/GophKeeper/internal/grpc/private.pb.go:404.14,406.3 1 0
github.com/flash1nho/GophKeeper/internal/grpc/private.pb.go:407.2,407.12 1 0
github.com/flash1nho/GophKeeper/internal/grpc/private.pb.go:418.33,423.2 4 0
github.com/flash1nho/GophKeeper/internal/grpc/private.pb.go:425.41,427.2 1 0
github.com/flash1nho/GophKeeper/internal/grpc/private.pb.go:429.39,429.40 0 0
github.com/flash1nho/GophKeeper/internal/grpc/private.pb.go:431.61,433.14 2 0
github.com/flash1nho/GophKeeper/internal/grpc/private.pb.go:433.14,435.34 2 0
github.com/flash1nho/GophKeeper/internal/grpc/private.pb.go:435.34,437.4 1 0
github.com/flash1nho/GophKeeper/internal/grpc/private.pb.go:438.3,438.12 1 0
github.com/flash1nho/GophKeeper/internal/grpc/private.pb.go:440.2,440.24 1 0
github.com/flash1nho/GophKeeper/internal/grpc/private.pb.go:444.52,446.2 1 0
github.com/flash1nho/GophKeeper/internal/grpc/private.pb.go:448.39,449.14 1 0
github.com/flash1nho/GophKeeper/internal/grpc/private.pb.go:449.14,451.3 1 0
github.com/flash1nho/GophKeeper/internal/grpc/private.pb.go:452.2,452.10 1 0
github.com/flash1nho/GophKeeper/internal/grpc/private.pb.go:455.42,456.14 1 0
github.com/flash1nho/GophKeeper/internal/grpc/private.pb.go:456.14,458.3 1 0
github.com/flash1nho/GophKeeper/internal/grpc/private.pb.go:459.2,459.11 1 0
github.com/flash1nho/GophKeeper/internal/grpc/private.pb.go:468.34,473.2 4 0
github.com/flash1nho/GophKeeper/internal/grpc/private.pb.go:475.42,477.2 1 0
github.com/flash1nho/GophKeeper/internal/grpc/private.pb.go:479.40,479.41 0 0
github.com/flash1nho/GophKeeper/internal/grpc/private.pb.go:481.62,483.14 2 0
github.com/flash1nho/GophKeeper/internal/grpc/private.pb.go:483.14,485.34 2 0
github.com/flash1nho/GophKeeper/internal/grpc/private.pb.go:485.34,487.4 1 0
github.com/flash1nho/GophKeeper/internal/grpc/private.pb.go:488.3,488.12 1 0
github.com/flash1nho/GophKeeper/internal/grpc/private.pb.go:490.2,490.24 1 0
github.com/flash1nho/GophKeeper/internal/grpc/private.pb.go:494.53,496.2 1 0
github.com/flash1nho/GophKeeper/internal/grpc/private.pb.go:509.33,514.2 4 0
github.com/flash1nho/GophKeeper/internal/grpc/private.pb.go:516.41,518.2 1 0
github.com/flash1nho/GophKeeper/internal/grpc/private.pb.go:520.39,520.40 0 0
github.com/flash1nho/GophKeeper/internal/grpc/private.pb.go:522.61,524.14 2 0
github.com/flash1nho/GophKeeper/internal/grpc/private.pb.go:524.14,526.34 2 0
github.com/flash1nho/GophKeeper/internal/grpc/private.pb.go:526.34,528.4 1 0
github.com/flash1nho/GophKeeper/internal/grpc/private.pb.go:529.3,529.12 1 0
github.com/flash1nho/GophKeeper/internal/grpc/private.pb.go:531.2,531.24 1 0
github.com/flash1nho/GophKeeper/internal/grpc/private.pb.go:535.52,537.2 1 0
github.com/flash1nho/GophKeeper/internal/grpc/private.pb.go:539.56,540.14 1 0
github.com/flash1nho/GophKeeper/internal/grpc/private.pb.go:540.14,542.3 1 0
github.com/flash1nho/GophKeeper/internal/grpc/private.pb.go:543.2,543.12 1 0
github.com/flash1nho/GophKeeper/internal/grpc/private.pb.go:546.49,547.14 1 0
github.com/flash1nho/GophKeeper/internal/grpc/private.pb.go:547.14,548.52 1 0
github.com/flash1nho/GophKeeper/internal/grpc/private.pb.go:548.52,550.4 1 0
github.com/flash1nho/GophKeeper/internal/grpc/private.pb.go:552.2,552.12 1 0
github.com/flash1nho/GophKeeper/internal/grpc/private.pb.go:555.43,556.14 1 0
github.com/flash1nho/GophKeeper/internal/grpc/private.pb.go:556.14,557.49 1 0
github.com/flash1nho/GophKeeper/internal/grpc/private.pb.go:557.49,559.4 1 0
github.com/flash1nho/GophKeeper/internal/grpc/private.pb.go:561.2,561.12 1 0
github.com/flash1nho/GophKeeper/internal/grpc/private.pb.go:576.56,576.57 0 0
github.com/flash1nho/GophKeeper/internal/grpc/private.pb.go:578.53,578.54 0 0
github.com/flash1nho/GophKeeper/internal/grpc/private.pb.go:590.28,595.2 4 0
github.com/flash1nho/GophKeeper/internal/grpc/private.pb.go:597.36,599.2 1 0
github.com/flash1nho/GophKeeper/internal/grpc/private.pb.go:601.34,601.35 0 0
github.com/flash1nho/GophKeeper/internal/grpc/private.pb.go:603.56,605.14 2 0
github.com/flash1nho/GophKeeper/internal/grpc/private.pb.go:605.14,607.34 2 0
github.com/flash1nho/GophKeeper/internal/grpc/private.pb.go:607.34,609.4 1 0
github.com/flash1nho/GophKeeper/internal/grpc/private.pb.go:610.3,610.12 1 0
github.com/flash1nho/GophKeeper/internal/grpc/private.pb.go:612.2,612.24 1 0
github.com/flash1nho/GophKeeper/internal/grpc/private.pb.go:616.47,618.2 1 0
github.com/flash1nho/GophKeeper/internal/grpc/private.pb.go:620.41,621.14 1 0
github.com/flash1nho/GophKeeper/internal/grpc/private.pb.go:621.14,623.3 1 0
github.com/flash1nho/GophKeeper/internal/grpc/private.pb.go:624.2,624.11 1 0
github.com/flash1nho/GophKeeper/internal/grpc/private.pb.go:627.48,628.14 1 0
github.com/flash1nho/GophKeeper/internal/grpc/private.pb.go:628.14,630.3 1 0
github.com/flash1nho/GophKeeper/internal/grpc/private.pb.go:631.2,631.11 1 0
github.com/flash1nho/GophKeeper/internal/grpc/private.pb.go:634.40,635.14 1 0
github.com/flash1nho/GophKeeper/internal/grpc/private.pb.go:635.14,637.3 1 0
github.com/flash1nho/GophKeeper/internal/grpc/private.pb.go:638.2,638.10 1 0
github.com/flash1nho/GophKeeper/internal/grpc/private.pb.go:641.42,642.14 1 0
github.com/flash1nho/GophKeeper/internal/grpc/private.pb.go:642.14,644.3 1 0
github.com/flash1nho/GophKeeper/internal/grpc/private.pb.go:645.2,645.10 1 0
github.com/flash1nho/GophKeeper/internal/grpc/private.pb.go:655.34,660.2 4 0
github.com/flash1nho/GophKeeper/internal/grpc/private.pb.go:662.42,664.2 1 0
github.com/flash1nho/GophKeeper/internal/grpc/private.pb.go:666.40,666.41 0 0
github.com/flash1nho/GophKeeper/internal/grpc/private.pb.go:668.62,670.14 2 0
github.com/flash1nho/GophKeeper/internal/grpc/private.pb.go:670.14,672.34 2 0
github.com/flash1nho/GophKeeper/internal/grpc/private.pb.go:672.34,674.4 1 0
github.com/flash1nho/GophKeeper/internal/grpc/private.pb.go:675.3,675.12 1 0
github.com/flash1nho/GophKeeper/internal/grpc/private.pb.go:677.2,677.24 1 0
github.com/flash1nho/GophKeeper/internal/grpc/private.pb.go:681.53,683.2 1 0
github.com/flash1nho/GophKeeper/internal/grpc/private.pb.go:685.58,686.14 1 0
github.com/flash1nho/GophKeeper/internal/grpc/private.pb.go:686.14,688.3 1 0
github.com/flash1nho/GophKeeper/internal/grpc/private.pb.go:689.2,689.12 1 0
github.com/flash1nho/GophKeeper/internal/grpc/private.pb.go:699.39,704.2 4 0
github.com/flash1nho/GophKeeper/internal/grpc/private.pb.go:706.47,708.2 1 0
github.com/flash1nho/GophKeeper/internal/grpc/private.pb.go:710.45,710.46 0 0
github.com/flash1nho/GophKeeper/internal/grpc/private.pb.go:712.67,714.14 2 0
github.com/flash1nho/GophKeeper/internal/grpc/private.pb.go:714.14,716.34 2 0
github.com/flash1nho/GophKeeper/internal/grpc/private.pb.go:716.34,718.4 1 0
github.com/flash1nho/GophKeeper/internal/grpc/private.pb.go:719.3,719.12 1 0
github.com/flash1nho/GophKeeper/internal/grpc/private.pb.go:721.2,721.24 1 0
github.com/flash1nho/GophKeeper/internal/grpc/private.pb.go:725.58,727.2 1 0
github.com/flash1nho/GophKeeper/internal/grpc/private.pb.go:729.52,730.14 1 0
github.com/flash1nho/GophKeeper/internal/grpc/private.pb.go:730.14,732.3 1 0
github.com/flash1nho/GophKeeper/internal/grpc/private.pb.go:733.2,733.11 1 0
github.com/flash1nho/GophKeeper/internal/grpc/private.pb.go:743.40,748.2 4 0
github.com/flash1nho/GophKeeper/internal/grpc/private.pb.go:750.48,752.2 1 0
github.com/flash1nho/GophKeeper/internal/grpc/private.pb.go:754.46,754.47 0 0
github.com/flash1nho/GophKeeper/internal/grpc/private.pb.go:756.68,758.14 2 0
github.com/flash1nho/GophKeeper/internal/grpc/private.pb.go:758.14,760.34 2 0
github.com/flash1nho/GophKeeper/internal/grpc/private.pb.go:760.34,762.4 1 0
github.com/flash1nho/GophKeeper/internal/grpc/private.pb.go:763.3,763.12 1 0
github.com/flash1nho/GophKeeper/internal/grpc/private.pb.go:765.2,765.24 1 0
github.com/flash1nho/GophKeeper/internal/grpc/private.pb.go:769.59,771.2 1 0
github.com/flash1nho/GophKeeper/internal/grpc/private.pb.go:773.54,774.14 1 0
github.com/flash1nho/GophKeeper/internal/grpc/private.pb.go:774.14,776.3 1 0
github.com/flash1nho/GophKeeper/internal/grpc/private.pb.go:777.2,777.10 1 0
github.com/flash1nho/GophKeeper/internal/grpc/private.pb.go:788.35,793.2 4 0
github.com/flash1nho/GophKeeper/internal/grpc/private.pb.go:795.43,797.2 1 0
github.com/flash1nho/GophKeeper/internal/grpc/private.pb.go:799.41,799.42 0 0
github.com/flash1nho/GophKeeper/internal/grpc/private.pb.go:801.63,803.14 2 0
github.com/flash1nho/GophKeeper/internal/grpc/private.pb.go:803.14,805.34 2 0
github.com/flash1nho/GophKeeper/internal/grpc/private.pb.go:805.34,807.4 1 0
github.com/flash1nho/GophKeeper/internal/grpc/private.pb.go:808.3,808.12 1 0
github.com/flash1nho/GophKeeper/internal/grpc/private.pb.go:810.2,810.24 1 0
github.com/flash1nho/GophKeeper/internal/grpc/private.pb.go:814.54,816.2 1 0
github.com/flash1nho/GophKeeper/internal/grpc/private.pb.go:818.41,819.14 1 0
github.com/flash1nho/GophKeeper/internal/grpc/private.pb.go:819.14,821.3 1 0
github.com/flash1nho/GophKeeper/internal/grpc/private.pb.go:822.2,822.10 1 0
github.com/flash1nho/GophKeeper/internal/grpc/private.pb.go:825.49,826.14 1 0
github.com/flash1nho/GophKeeper/internal/grpc/private.pb.go:826.14,828.3 1 0
github.com/flash1nho/GophKeeper/internal/grpc/private.pb.go:829.2,829.10 1 0
github.com/flash1nho/GophKeeper/internal/grpc/private.pb.go:840.36,845.2 4 0
github.com/flash1nho/GophKeeper/internal/grpc/private.pb.go:847.44,849.2 1 0
github.com/flash1nho/GophKeeper/internal/grpc/private.pb.go:851.42,851.43 0 0
github.com/flash1nho/GophKeeper/internal/grpc/private.pb.go:853.64,855.14 2 0
github.com/flash1nho/GophKeeper/internal/grpc/private.pb.go:855.14,857.34 2 0
github.com/flash1nho/GophKeeper/internal/grpc/private.pb.go:857.34,859.4 1 0
github.com/flash1nho/GophKeeper/internal/grpc/private.pb.go:860.3,860.12 1 0
github.com/flash1nho/GophKeeper/internal/grpc/private.pb.go:862.2,862.24 1 0
github.com/flash1nho/GophKeeper/internal/grpc/private.pb.go:866.55,868.2 1 0
github.com/flash1nho/GophKeeper/internal/grpc/private.pb.go:870.46,871.14 1 0
github.com/flash1nho/GophKeeper/internal/grpc/private.pb.go:871.14,873.3 1 0
github.com/flash1nho/GophKeeper/internal/grpc/private.pb.go:874.2,874.12 1 0
github.com/flash1nho/GophKeeper/internal/grpc/private.pb.go:877.50,878.14 1 0
github.com/flash1nho/GophKeeper/internal/grpc/private.pb.go:878.14,880.3 1 0
github.com/flash1nho/GophKeeper/internal/grpc/private.pb.go:881.2,881.10 1 0
github.com/flash1nho/GophKeeper/internal/grpc/private.pb.go:954.60,955.57 1 0
github.com/flash1nho/GophKeeper/internal/grpc/private.pb.go:955.57,957.3 1 0
github.com/flash1nho/GophKeeper/internal/grpc/private.pb.go:958.2,958.53 1 0
github.com/flash1nho/GophKeeper/internal/grpc/private.pb.go:1015.13,1015.56 1 1
github.com/flash1nho/GophKeeper/internal/grpc/private.pb.go:1016.46,1017.45 1 1
github.com/flash1nho/GophKeeper/internal/grpc/private.pb.go:1017.45,1019.3 1 0
github.com/flash1nho/GophKeeper/internal/grpc/private.pb.go:1020.2,1040.48 6 1
github.com/flash1nho/GophKeeper/internal/grpc/private_grpc.pb.go:51.100,53.2 1 0
github.com/flash1nho/GophKeeper/internal/grpc/private_grpc.pb.go:55.139,59.16 4 0
github.com/flash1nho/GophKeeper/internal/grpc/private_grpc.pb.go:59.16,61.3 1 0
github.com/flash1nho/GophKeeper/internal/grpc/private_grpc.pb.go:62.2,62.17 1 0
github.com/flash1nho/GophKeeper/internal/grpc/private_grpc.pb.go:65.130,69.16 4 0
github.com/flash1nho/GophKeeper/internal/grpc/private_grpc.pb.go:69.16,71.3 1 0
github.com/flash1nho/GophKeeper/internal/grpc/private_grpc.pb.go:72.2,72.17 1 0
github.com/flash1nho/GophKeeper/internal/grpc/private_grpc.pb.go:75.133,79.16 4 0
github.com/flash1nho/GophKeeper/internal/grpc/private_grpc.pb.go:79.16,81.3 1 0
github.com/flash1nho/GophKeeper/internal/grpc/private_grpc.pb.go:82.2,82.17 1 0
github.com/flash1nho/GophKeeper/internal/grpc/private_grpc.pb.go:85.139,89.16 4 0
github.com/flash1nho/GophKeeper/internal/grpc/private_grpc.pb.go:89.16,91.3 1 0
github.com/flash1nho/GophKeeper/internal/grpc/private_grpc.pb.go:92.2,92.17 1 0
github.com/flash1nho/GophKeeper/internal/grpc/private_grpc.pb.go:95.139,99.16 4 0
github.com/flash1nho/GophKeeper/internal/grpc/private_grpc.pb.go:99.16,101.3 1 0
github.com/flash1nho/GophKeeper/internal/grpc/private_grpc.pb.go:102.2,102.17 1 0
github.com/flash1nho/GophKeeper/internal/grpc/private_grpc.pb.go:105.160,109.16 4 0
github.com/flash1nho/GophKeeper/internal/grpc/private_grpc.pb.go:109.16,111.3 1 0
github.com/flash1nho/GophKeeper/internal/grpc/private_grpc.pb.go:112.2,112.17 1 0
github.com/flash1nho/GophKeeper/internal/grpc/private_grpc.pb.go:115.162,118.16 3 0
github.com/flash1nho/GophKeeper/internal/grpc/private_grpc.pb.go:118.16,120.3 1 0
github.com/flash1nho/GophKeeper/internal/grpc/private_grpc.pb.go:121.2,122.15 2 0
github.com/flash1nho/GophKeeper/internal/grpc/private_grpc.pb.go:128.172,131.16 3 0
github.com/flash1nho/GophKeeper/internal/grpc/private_grpc.pb.go:131.16,133.3 1 0
github.com/flash1nho/GophKeeper/internal/grpc/private_grpc.pb.go:134.2,135.51 2 0
github.com/flash1nho/GophKeeper/internal/grpc/private_grpc.pb.go:135.51,137.3 1 0
github.com/flash1nho/GophKeeper/internal/grpc/private_grpc.pb.go:138.2,138.51 1 0
github.com/flash1nho/GophKeeper/internal/grpc/private_grpc.pb.go:138.51,140.3 1 0
github.com/flash1nho/GophKeeper/internal/grpc/private_grpc.pb.go:141.2,141.15 1 0
github.com/flash1nho/GophKeeper/internal/grpc/private_grpc.pb.go:169.117,171.2 1 0
github.com/flash1nho/GophKeeper/internal/grpc/private_grpc.pb.go:172.108,174.2 1 0
github.com/flash1nho/GophKeeper/internal/grpc/private_grpc.pb.go:175.111,177.2 1 0
github.com/flash1nho/GophKeeper/internal/grpc/private_grpc.pb.go:178.117,180.2 1 0
github.com/flash1nho/GophKeeper/internal/grpc/private_grpc.pb.go:181.117,183.2 1 0
github.com/flash1nho/GophKeeper/internal/grpc/private_grpc.pb.go:184.138,186.2 1 0
github.com/flash1nho/GophKeeper/internal/grpc/private_grpc.pb.go:187.124,189.2 1 0
github.com/flash1nho/GophKeeper/internal/grpc/private_grpc.pb.go:190.131,192.2 1 0
github.com/flash1nho/GophKeeper/internal/grpc/private_grpc.pb.go:193.108,194.2 0 0
github.com/flash1nho/GophKeeper/internal/grpc/private_grpc.pb.go:195.75,195.76 0 0
github.com/flash1nho/GophKeeper/internal/grpc/private_grpc.pb.go:204.106,209.59 1 0
github.com/flash1nho/GophKeeper/internal/grpc/private_grpc.pb.go:209.59,211.3 1 0
github.com/flash1nho/GophKeeper/internal/grpc/private_grpc.pb.go:212.2,212.63 1 0
github.com/flash1nho/GophKeeper/internal/grpc/private_grpc.pb.go:215.176,217.32 2 0
github.com/flash1nho/GophKeeper/internal/grpc/private_grpc.pb.go:217.32,219.3 1 0
github.com/flash1nho/GophKeeper/internal/grpc/private_grpc.pb.go:220.2,220.24 1 0
github.com/flash1nho/GophKeeper/internal/grpc/private_grpc.pb.go:220.24,222.3 1 0
github.com/flash1nho/GophKeeper/internal/grpc/private_grpc.pb.go:223.2,227.77 2 0
github.com/flash1nho/GophKeeper/internal/grpc/private_grpc.pb.go:227.77,229.3 1 0
github.com/flash1nho/GophKeeper/internal/grpc/private_grpc.pb.go:230.2,230.44 1 0
github.com/flash1nho/GophKeeper/internal/grpc/private_grpc.pb.go:233.173,235.32 2 0
github.com/flash1nho/GophKeeper/internal/grpc/private_grpc.pb.go:235.32,237.3 1 0
github.com/flash1nho/GophKeeper/internal/grpc/private_grpc.pb.go:238.2,238.24 1 0
github.com/flash1nho/GophKeeper/internal/grpc/private_grpc.pb.go:238.24,240.3 1 0
github.com/flash1nho/GophKeeper/internal/grpc/private_grpc.pb.go:241.2,245.77 2 0
github.com/flash1nho/GophKeeper/internal/grpc/private_grpc.pb.go:245.77,247.3 1 0
github.com/flash1nho/GophKeeper/internal/grpc/private_grpc.pb.go:248.2,248.44 1 0
github.com/flash1nho/GophKeeper/internal/grpc/private_grpc.pb.go:251.174,253.32 2 0
github.com/flash1nho/GophKeeper/internal/grpc/private_grpc.pb.go:253.32,255.3 1 0
github.com/flash1nho/GophKeeper/internal/grpc/private_grpc.pb.go:256.2,256.24 1 0
github.com/flash1nho/GophKeeper/internal/grpc/private_grpc.pb.go:256.24,258.3 1 0
github.com/flash1nho/GophKeeper/internal/grpc/private_grpc.pb.go:259.2,263.77 2 0
github.com/flash1nho/GophKeeper/internal/grpc/private_grpc.pb.go:263.77,265.3 1 0
github.com/flash1nho/GophKeeper/internal/grpc/private_grpc.pb.go:266.2,266.44 1 0
github.com/flash1nho/GophKeeper/internal/grpc/private_grpc.pb.go:269.176,271.32 2 0
github.com/flash1nho/GophKeeper/internal/grpc/private_grpc.pb.go:271.32,273.3 1 0
github.com/flash1nho/GophKeeper/internal/grpc/private_grpc.pb.go:274.2,274.24 1 0
github.com/flash1nho/GophKeeper/internal/grpc/private_grpc.pb.go:274.24,276.3 1 0
github.com/flash1nho/GophKeeper/internal/grpc/private_grpc.pb.go:277.2,281.77 2 0
github.com/flash1nho/GophKeeper/internal/grpc/private_grpc.pb.go:281.77,283.3 1 0
github.com/flash1nho/GophKeeper/internal/grpc/private_grpc.pb.go:284.2,284.44 1 0
github.com/flash1nho/GophKeeper/internal/grpc/private_grpc.pb.go:287.176,289.32 2 0
github.com/flash1nho/GophKeeper/internal/grpc/private_grpc.pb.go:289.32,291.3 1 0
github.com/flash1nho/GophKeeper/internal/grpc/private_grpc.pb.go:292.2,292.24 1 0
github.com/flash1nho/GophKeeper/internal/grpc/private_grpc.pb.go:292.24,294.3 1 0
github.com/flash1nho/GophKeeper/internal/grpc/private_grpc.pb.go:295.2,299.77 2 0
github.com/flash1nho/GophKeeper/internal/grpc/private_grpc.pb.go:299.77,301.3 1 0
github.com/flash1nho/GophKeeper/internal/grpc/private_grpc.pb.go:302.2,302.44 1 0
github.com/flash1nho/GophKeeper/internal/grpc/private_grpc.pb.go:305.185,307.32 2 0
github.com/flash1nho/GophKeeper/internal/grpc/private_grpc.pb.go:307.32,309.3 1 0
github.com/flash1nho/GophKeeper/internal/grpc/private_grpc.pb.go:310.2,310.24 1 0
github.com/flash1nho/GophKeeper/internal/grpc/private_grpc.pb.go:310.24,312.3 1 0
github.com/flash1nho/GophKeeper/internal/grpc/private_grpc.pb.go:313.2,317.77 2 0
github.com/flash1nho/GophKeeper/internal/grpc/private_grpc.pb.go:317.77,319.3 1 0
github.com/flash1nho/GophKeeper/internal/grpc/private_grpc.pb.go:320.2,320.44 1 0
github.com/flash1nho/GophKeeper/internal/grpc/private_grpc.pb.go:323.96,325.2 1 0
github.com/flash1nho/GophKeeper/internal/grpc/private_grpc.pb.go:330.98,332.42 2 0
github.com/flash1nho/GophKeeper/internal/grpc/private_grpc.pb.go:332.42,334.3 1 0
github.com/flash1nho/GophKeeper/internal/grpc/private_grpc.pb.go:335.2,335.141 1 0
github.com/flash1nho/GophKeeper/internal/grpc/public.pb.go:34.39,39.2 4 0
github.com/flash1nho/GophKeeper/internal/grpc/public.pb.go:41.47,43.2 1 0
github.com/flash1nho/GophKeeper/internal/grpc/public.pb.go:45.45,45.46 0 0
github.com/flash1nho/GophKeeper/internal/grpc/public.pb.go:47.67,49.14 2 0
github.com/flash1nho/GophKeeper/internal/grpc/public.pb.go:49.14,51.34 2 0
github.com/flash1nho/GophKeeper/internal/grpc/public.pb.go:51.34,53.4 1 0
github.com/flash1nho/GophKeeper/internal/grpc/public.pb.go:54.3,54.12 1 0
github.com/flash1nho/GophKeeper/internal/grpc/public.pb.go:56.2,56.24 1 0
github.com/flash1nho/GophKeeper/internal/grpc/public.pb.go:60.58,62.2 1 0
github.com/flash1nho/GophKeeper/internal/grpc/public.pb.go:64.49,65.14 1 0
github.com/flash1nho/GophKeeper/internal/grpc/public.pb.go:65.14,67.3 1 0
github.com/flash1nho/GophKeeper/internal/grpc/public.pb.go:68.2,68.11 1 0
github.com/flash1nho/GophKeeper/internal/grpc/public.pb.go:71.52,72.14 1 0
github.com/flash1nho/GophKeeper/internal/grpc/public.pb.go:72.14,74.3 1 0
github.com/flash1nho/GophKeeper/internal/grpc/public.pb.go:75.2,75.11 1 0
github.com/flash1nho/GophKeeper/internal/grpc/public.pb.go:78.50,79.14 1 0
github.com/flash1nho/GophKeeper/internal/grpc/public.pb.go:79.14,81.3 1 0
github.com/flash1nho/GophKeeper/internal/grpc/public.pb.go:82.2,82.11 1 0
github.com/flash1nho/GophKeeper/internal/grpc/public.pb.go:92.40,97.2 4 0
github.com/flash1nho/GophKeeper/internal/grpc/public.pb.go:99.48,101.2 1 0
github.com/flash1nho/GophKeeper/internal/grpc/public.pb.go:103.46,103.47 0 0
github.com/flash1nho/GophKeeper/internal/grpc/public.pb.go:105.68,107.14 2 0
github.com/flash1nho/GophKeeper/internal/grpc/public.pb.go:107.14,109.34 2 0
github.com/flash1nho/GophKeeper/internal/grpc/public.pb.go:109.34,111.4 1 0
github.com/flash1nho/GophKeeper/internal/grpc/public.pb.go:112.3,112.12 1 0
github.com/flash1nho/GophKeeper/internal/grpc/public.pb.go:114.2,114.24 1 0
github.com/flash1nho/GophKeeper/internal/grpc/public.pb.go:118.59,120.2 1 0
github.com/flash1nho/GophKeeper/internal/grpc/public.pb.go:122.50,123.14 1 0
github.com/flash1nho/GophKeeper/internal/grpc/public.pb.go:123.14,125.3 1 0
github.com/flash1nho/GophKeeper/internal/grpc/public.pb.go:126.2,126.11 1 0
github.com/flash1nho/GophKeeper/internal/grpc/public.pb.go:137.36,142.2 4 0
github.com/flash1nho/GophKeeper/internal/grpc/public.pb.go:144.44,146.2 1 0
github.com/flash1nho/GophKeeper/internal/grpc/public.pb.go:148.42,148.43 0 0
github.com/flash1nho/GophKeeper/internal/grpc/public.pb.go:150.64,152.14 2 0
github.com/flash1nho/GophKeeper/internal/grpc/public.pb.go:152.14,154.34 2 0
github.com/flash1nho/GophKeeper/internal/grpc/public.pb.go:154.34,156.4 1 0
github.com/flash1nho/GophKeeper/internal/grpc/public.pb.go:157.3,157.12 1 0
github.com/flash1nho/GophKeeper/internal/grpc/public.pb.go:159.2,159.24 1 0
github.com/flash1nho/GophKeeper/internal/grpc/public.pb.go:163.55,165.2 1 0
github.com/flash1nho/GophKeeper/internal/grpc/public.pb.go:167.46,168.14 1 0
github.com/flash1nho/GophKeeper/internal/grpc/public.pb.go:168.14,170.3 1 0
github.com/flash1nho/GophKeeper/internal/grpc/public.pb.go:171.2,171.11 1 0
github.com/flash1nho/GophKeeper/internal/grpc/public.pb.go:174.49,175.14 1 0
github.com/flash1nho/GophKeeper/internal/grpc/public.pb.go:175.14,177.3 1 0
github.com/flash1nho/GophKeeper/internal/grpc/public.pb.go:178.2,178.11 1 0
github.com/flash1nho/GophKeeper/internal/grpc/public.pb.go:188.37,193.2 4 0
github.com/flash1nho/GophKeeper/internal/grpc/public.pb.go:195.45,197.2 1 0
github.com/flash1nho/GophKeeper/internal/grpc/public.pb.go:199.43,199.44 0 0
github.com/flash1nho/GophKeeper/internal/grpc/public.pb.go:201.65,203.14 2 0
github.com/flash1nho/GophKeeper/internal/grpc/public.pb.go:203.14,205.34 2 0
github.com/flash1nho/GophKeeper/internal/grpc/public.pb.go:205.34,207.4 1 0
github.com/flash1nho/GophKeeper/internal/grpc/public.pb.go:208.3,208.12 1 0
github.com/flash1nho/GophKeeper/internal/grpc/public.pb.go:210.2,210.24 1 0
github.com/flash1nho/GophKeeper/internal/grpc/public.pb.go:214.56,216.2 1 0
github.com/flash1nho/GophKeeper/internal/grpc/public.pb.go:218.47,219.14 1 0
github.com/flash1nho/GophKeeper/internal/grpc/public.pb.go:219.14,221.3 1 0
github.com/flash1nho/GophKeeper/internal/grpc/public.pb.go:222.2,222.11 1 0
github.com/flash1nho/GophKeeper/internal/grpc/public.pb.go:250.59,251.56 1 0
github.com/flash1nho/GophKeeper/internal/grpc/public.pb.go:251.56,253.3 1 0
github.com/flash1nho/GophKeeper/internal/grpc/public.pb.go:254.2,254.52 1 0
github.com/flash1nho/GophKeeper/internal/grpc/public.pb.go:276.13,276.55 1 1
github.com/flash1nho/GophKeeper/internal/grpc/public.pb.go:277.45,278.44 1 1
github.com/flash1nho/GophKeeper/internal/grpc/public.pb.go:278.44,280.3 1 0
github.com/flash1nho/GophKeeper/internal/grpc/public.pb.go:281.2,297.47 5 1
github.com/flash1nho/GophKeeper/internal/grpc/public_grpc.pb.go:39.98,41.2 1 0
github.com/flash1nho/GophKeeper/internal/grpc/public_grpc.pb.go:43.152,47.16 4 0
github.com/flash1nho/GophKeeper/internal/grpc/public_grpc.pb.go:47.16,49.3 1 0
github.com/flash1nho/GophKeeper/internal/grpc/public_grpc.pb.go:50.2,50.17 1 0
github.com/flash1nho/GophKeeper/internal/grpc/public_grpc.pb.go:53.143,57.16 4 0
github.com/flash1nho/GophKeeper/internal/grpc/public_grpc.pb.go:57.16,59.3 1 0
github.com/flash1nho/GophKeeper/internal/grpc/public_grpc.pb.go:60.2,60.17 1 0
github.com/flash1nho/GophKeeper/internal/grpc/public_grpc.pb.go:79.130,81.2 1 0
github.com/flash1nho/GophKeeper/internal/grpc/public_grpc.pb.go:82.121,84.2 1 0
github.com/flash1nho/GophKeeper/internal/grpc/public_grpc.pb.go:85.106,86.2 0 0
github.com/flash1nho/GophKeeper/internal/grpc/public_grpc.pb.go:87.74,87.75 0 0
github.com/flash1nho/GophKeeper/internal/grpc/public_grpc.pb.go:96.104,101.59 1 0
github.com/flash1nho/GophKeeper/internal/grpc/public_grpc.pb.go:101.59,103.3 1 0
github.com/flash1nho/GophKeeper/internal/grpc/public_grpc.pb.go:104.2,104.62 1 0
github.com/flash1nho/GophKeeper/internal/grpc/public_grpc.pb.go:107.177,109.32 2 0
github.com/flash1nho/GophKeeper/internal/grpc/public_grpc.pb.go:109.32,111.3 1 0
github.com/flash1nho/GophKeeper/internal/grpc/public_grpc.pb.go:112.2,112.24 1 0
github.com/flash1nho/GophKeeper/internal/grpc/public_grpc.pb.go:112.24,114.3 1 0
github.com/flash1nho/GophKeeper/internal/grpc/public_grpc.pb.go:115.2,119.77 2 0
github.com/flash1nho/GophKeeper/internal/grpc/public_grpc.pb.go:119.77,121.3 1 0
github.com/flash1nho/GophKeeper/internal/grpc/public_grpc.pb.go:122.2,122.44 1 0
github.com/flash1nho/GophKeeper/internal/grpc/public_grpc.pb.go:125.174,127.32 2 0
github.com/flash1nho/GophKeeper/internal/grpc/public_grpc.pb.go:127.32,129.3 1 0
github.com/flash1nho/GophKeeper/internal/grpc/public_grpc.pb.go:130.2,130.24 1 0
github.com/flash1nho/GophKeeper/internal/grpc/public_grpc.pb.go:130.24,132.3 1 0
github.com/flash1nho/GophKeeper/internal/grpc/public_grpc.pb.go:133.2,137.77 2 0
github.com/flash1nho/GophKeeper/internal/grpc/public_grpc.pb.go:137.77,139.3 1 0
github.com/flash1nho/GophKeeper/internal/grpc/public_grpc.pb.go:140.2,140.44 1 0
github.com/flash1nho/GophKeeper/internal/interceptors/auth.go:27.102,28.128 1 0
github.com/flash1nho/GophKeeper/internal/interceptors/auth.go:28.128,31.10 2 0
github.com/flash1nho/GophKeeper/internal/interceptors/auth.go:31.10,33.4 1 0
github.com/flash1nho/GophKeeper/internal/interceptors/auth.go:35.3,37.42 2 0
github.com/flash1nho/GophKeeper/internal/interceptors/auth.go:37.42,39.4 1 0
github.com/flash1nho/GophKeeper/internal/interceptors/auth.go:41.3,43.17 2 0
github.com/flash1nho/GophKeeper/internal/interceptors/auth.go:43.17,45.4 1 0
github.com/flash1nho/GophKeeper/internal/interceptors/auth.go:47.3,49.36 2 0
github.com/flash1nho/GophKeeper/internal/interceptors/auth.go:53.109,54.116 1 0
github.com/flash1nho/GophKeeper/internal/interceptors/auth.go:54.116,58.10 3 0
github.com/flash1nho/GophKeeper/internal/interceptors/auth.go:58.10,60.4 1 0
github.com/flash1nho/GophKeeper/internal/interceptors/auth.go:62.3,64.42 2 0
github.com/flash1nho/GophKeeper/internal/interceptors/auth.go:64.42,66.4 1 0
github.com/flash1nho/GophKeeper/internal/interceptors/auth.go:68.3,70.17 2 0
github.com/flash1nho/GophKeeper/internal/interceptors/auth.go:70.17,72.4 1 0
github.com/flash1nho/GophKeeper/internal/interceptors/auth.go:74.3,79.31 2 0
github.com/flash1nho/GophKeeper/internal/interceptors/auth.go:88.51,90.2 1 0
github.com/flash1nho/GophKeeper/internal/interceptors/auth.go:92.61,95.9 2 0
github.com/flash1nho/GophKeeper/internal/interceptors/auth.go:95.9,97.3 1 0
github.com/flash1nho/GophKeeper/internal/interceptors/auth.go:99.2,99.20 1 0
github.com/flash1nho/GophKeeper/internal/interceptors/auth.go:102.130,105.16 2 0
github.com/flash1nho/GophKeeper/internal/interceptors/auth.go:105.16,109.3 2 0
github.com/flash1nho/GophKeeper/internal/interceptors/auth.go:111.2,113.52 2 0
github.com/flash1nho/GophKeeper/internal/interceptors/auth.go:113.52,117.17 3 0
github.com/flash1nho/GophKeeper/internal/interceptors/auth.go:117.17,119.4 1 0
github.com/flash1nho/GophKeeper/internal/interceptors/auth.go:122.2,122.17 1 0
github.com/flash1nho/GophKeeper/internal/interceptors/auth.go:122.17,124.3 1 0
github.com/flash1nho/GophKeeper/internal/interceptors/auth.go:126.2,128.16 2 0
github.com/flash1nho/GophKeeper/internal/interceptors/auth.go:128.16,130.3 1 0
github.com/flash1nho/GophKeeper/internal/interceptors/auth.go:132.2,132.20 1 0
github.com/flash1nho/GophKeeper/internal/interceptors/logger.go:11.54,12.98 1 0
github.com/flash1nho/GophKeeper/internal/interceptors/logger.go:12.98,15.39 2 0
github.com/flash1nho/GophKeeper/internal/interceptors/logger.go:15.39,19.4 3 0
github.com/flash1nho/GophKeeper/internal/interceptors/logger.go:21.3,21.34 1 0
github.com/flash1nho/GophKeeper/internal/logger/logger.go:9.37,11.16 2 0
github.com/flash1nho/GophKeeper/internal/logger/logger.go:11.16,13.3 1 0
github.com/flash1nho/GophKeeper/internal/logger/logger.go:15.2,19.16 4 0
github.com/flash1nho/GophKeeper/internal/logger/logger.go:19.16,21.3 1 0
github.com/flash1nho/GophKeeper/internal/logger/logger.go:23.2,24.12 2 0
github.com/flash1nho/GophKeeper/internal/models/secrets/base_secret_model.go:67.59,69.2 1 0
github.com/flash1nho/GophKeeper/internal/models/secrets/base_secret_model.go:71.59,74.16 2 0
github.com/flash1nho/GophKeeper/internal/models/secrets/base_secret_model.go:74.16,76.3 1 0
github.com/flash1nho/GophKeeper/internal/models/secrets/base_secret_model.go:78.2,80.28 2 0
github.com/flash1nho/GophKeeper/internal/models/secrets/base_secret_model.go:80.28,82.3 1 0
github.com/flash1nho/GophKeeper/internal/models/secrets/base_secret_model.go:84.2,86.16 2 0
github.com/flash1nho/GophKeeper/internal/models/secrets/base_secret_model.go:86.16,88.3 1 0
github.com/flash1nho/GophKeeper/internal/models/secrets/base_secret_model.go:90.2,93.16 3 0
github.com/flash1nho/GophKeeper/internal/models/secrets/base_secret_model.go:93.16,95.3 1 0
github.com/flash1nho/GophKeeper/internal/models/secrets/base_secret_model.go:97.2,106.16 3 0
github.com/flash1nho/GophKeeper/internal/models/secrets/base_secret_model.go:106.16,108.3 1 0
github.com/flash1nho/GophKeeper/internal/models/secrets/base_secret_model.go:110.2,112.16 2 0
github.com/flash1nho/GophKeeper/internal/models/secrets/base_secret_model.go:112.16,114.3 1 0
github.com/flash1nho/GophKeeper/internal/models/secrets/base_secret_model.go:116.2,122.16 2 0
github.com/flash1nho/GophKeeper/internal/models/secrets/base_secret_model.go:122.16,123.36 1 0
github.com/flash1nho/GophKeeper/internal/models/secrets/base_secret_model.go:123.36,125.4 1 0
github.com/flash1nho/GophKeeper/internal/models/secrets/base_secret_model.go:127.3,127.18 1 0
github.com/flash1nho/GophKeeper/internal/models/secrets/base_secret_model.go:130.2,130.45 1 0
github.com/flash1nho/GophKeeper/internal/models/secrets/base_secret_model.go:133.64,134.13 1 0
github.com/flash1nho/GophKeeper/internal/models/secrets/base_secret_model.go:134.13,136.3 1 0
github.com/flash1nho/GophKeeper/internal/models/secrets/base_secret_model.go:138.2,148.16 3 0
github.com/flash1nho/GophKeeper/internal/models/secrets/base_secret_model.go:148.16,149.36 1 0
github.com/flash1nho/GophKeeper/internal/models/secrets/base_secret_model.go:149.36,151.4 1 0
github.com/flash1nho/GophKeeper/internal/models/secrets/base_secret_model.go:153.3,153.18 1 0
github.com/flash1nho/GophKeeper/internal/models/secrets/base_secret_model.go:156.2,156.45 1 0
github.com/flash1nho/GophKeeper/internal/models/secrets/base_secret_model.go:159.57,170.16 3 0
github.com/flash1nho/GophKeeper/internal/models/secrets/base_secret_model.go:170.16,171.36 1 0
github.com/flash1nho/GophKeeper/internal/models/secrets/base_secret_model.go:171.36,173.4 1 0
github.com/flash1nho/GophKeeper/internal/models/secrets/base_secret_model.go:175.3,175.18 1 0
github.com/flash1nho/GophKeeper/internal/models/secrets/base_secret_model.go:178.2,178.45 1 0
github.com/flash1nho/GophKeeper/internal/models/secrets/base_secret_model.go:181.81,182.13 1 0
github.com/flash1nho/GophKeeper/internal/models/secrets/base_secret_model.go:182.13,184.3 1 0
github.com/flash1nho/GophKeeper/internal/models/secrets/base_secret_model.go:186.2,188.16 2 0
github.com/flash1nho/GophKeeper/internal/models/secrets/base_secret_model.go:188.16,190.3 1 0
github.com/flash1nho/GophKeeper/internal/models/secrets/base_secret_model.go:192.2,197.16 4 0
github.com/flash1nho/GophKeeper/internal/models/secrets/base_secret_model.go:197.16,199.3 1 0
github.com/flash1nho/GophKeeper/internal/models/secrets/base_secret_model.go:201.2,201.15 1 0
github.com/flash1nho/GophKeeper/internal/models/secrets/base_secret_model.go:201.15,204.41 2 0
github.com/flash1nho/GophKeeper/internal/models/secrets/base_secret_model.go:204.41,206.4 1 0
github.com/flash1nho/GophKeeper/internal/models/secrets/base_secret_model.go:209.2,218.16 2 0
github.com/flash1nho/GophKeeper/internal/models/secrets/base_secret_model.go:218.16,220.3 1 0
github.com/flash1nho/GophKeeper/internal/models/secrets/base_secret_model.go:222.2,226.16 3 0
github.com/flash1nho/GophKeeper/internal/models/secrets/base_secret_model.go:226.16,227.36 1 0
github.com/flash1nho/GophKeeper/internal/models/secrets/base_secret_model.go:227.36,229.4 1 0
github.com/flash1nho/GophKeeper/internal/models/secrets/base_secret_model.go:231.3,231.18 1 0
github.com/flash1nho/GophKeeper/internal/models/secrets/base_secret_model.go:234.2,236.16 2 0
github.com/flash1nho/GophKeeper/internal/models/secrets/base_secret_model.go:236.16,238.3 1 0
github.com/flash1nho/GophKeeper/internal/models/secrets/base_secret_model.go:240.2,242.60 2 0
github.com/flash1nho/GophKeeper/internal/models/secrets/base_secret_model.go:242.60,244.3 1 0
github.com/flash1nho/GophKeeper/internal/models/secrets/base_secret_model.go:246.2,249.16 3 0
github.com/flash1nho/GophKeeper/internal/models/secrets/base_secret_model.go:249.16,251.3 1 0
github.com/flash1nho/GophKeeper/internal/models/secrets/base_secret_model.go:253.2,255.60 2 0
github.com/flash1nho/GophKeeper/internal/models/secrets/base_secret_model.go:255.60,257.3 1 0
github.com/flash1nho/GophKeeper/internal/models/secrets/base_secret_model.go:259.2,259.27 1 0
github.com/flash1nho/GophKeeper/internal/models/secrets/base_secret_model.go:259.27,260.36 1 0
github.com/flash1nho/GophKeeper/internal/models/secrets/base_secret_model.go:260.36,262.4 1 0
github.com/flash1nho/GophKeeper/internal/models/secrets/base_secret_model.go:265.2,265.73 1 0
github.com/flash1nho/GophKeeper/internal/models/secrets/base_secret_model.go:265.73,267.3 1 0
github.com/flash1nho/GophKeeper/internal/models/secrets/base_secret_model.go:269.2,271.16 2 0
github.com/flash1nho/GophKeeper/internal/models/secrets/base_secret_model.go:271.16,273.3 1 0
github.com/flash1nho/GophKeeper/internal/models/secrets/base_secret_model.go:275.2,277.16 2 0
github.com/flash1nho/GophKeeper/internal/models/secrets/base_secret_model.go:277.16,279.3 1 0
github.com/flash1nho/GophKeeper/internal/models/secrets/base_secret_model.go:281.2,291.16 2 0
github.com/flash1nho/GophKeeper/internal/models/secrets/base_secret_model.go:291.16,293.3 1 0
github.com/flash1nho/GophKeeper/internal/models/secrets/base_secret_model.go:295.2,297.16 2 0
github.com/flash1nho/GophKeeper/internal/models/secrets/base_secret_model.go:297.16,299.3 1 0
github.com/flash1nho/GophKeeper/internal/models/secrets/base_secret_model.go:301.2,303.16 2 0
github.com/flash1nho/GophKeeper/internal/models/secrets/base_secret_model.go:303.16,305.3 1 0
github.com/flash1nho/GophKeeper/internal/models/secrets/base_secret_model.go:307.2,315.16 2 0
github.com/flash1nho/GophKeeper/internal/models/secrets/base_secret_model.go:315.16,316.36 1 0
github.com/flash1nho/GophKeeper/internal/models/secrets/base_secret_model.go:316.36,318.4 1 0
github.com/flash1nho/GophKeeper/internal/models/secrets/base_secret_model.go:320.3,320.18 1 0
github.com/flash1nho/GophKeeper/internal/models/secrets/base_secret_model.go:323.2,323.45 1 0
github.com/flash1nho/GophKeeper/internal/models/secrets/base_secret_model.go:326.58,327.13 1 0
github.com/flash1nho/GophKeeper/internal/models/secrets/base_secret_model.go:327.13,329.3 1 0
github.com/flash1nho/GophKeeper/internal/models/secrets/base_secret_model.go:331.2,341.16 4 0
github.com/flash1nho/GophKeeper/internal/models/secrets/base_secret_model.go:341.16,343.3 1 0
github.com/flash1nho/GophKeeper/internal/models/secrets/base_secret_model.go:345.2,347.16 2 0
github.com/flash1nho/GophKeeper/internal/models/secrets/base_secret_model.go:347.16,349.3 1 0
github.com/flash1nho/GophKeeper/internal/models/secrets/base_secret_model.go:351.2,351.33 1 0
github.com/flash1nho/GophKeeper/internal/models/secrets/base_secret_model.go:351.33,353.3 1 0
github.com/flash1nho/GophKeeper/internal/models/secrets/base_secret_model.go:355.2,355.27 1 0
github.com/flash1nho/GophKeeper/internal/models/secrets/base_secret_model.go:355.27,358.17 2 0
github.com/flash1nho/GophKeeper/internal/models/secrets/base_secret_model.go:358.17,359.27 1 0
github.com/flash1nho/GophKeeper/internal/models/secrets/base_secret_model.go:359.27,361.5 1 0
github.com/flash1nho/GophKeeper/internal/models/secrets/base_secret_model.go:365.2,365.12 1 0
github.com/flash1nho/GophKeeper/internal/models/secrets/base_secret_model.go:368.116,371.16 2 0
github.com/flash1nho/GophKeeper/internal/models/secrets/base_secret_model.go:371.16,373.3 1 0
github.com/flash1nho/GophKeeper/internal/models/secrets/base_secret_model.go:375.2,377.16 2 0
github.com/flash1nho/GophKeeper/internal/models/secrets/base_secret_model.go:377.16,379.3 1 0
github.com/flash1nho/GophKeeper/internal/models/secrets/base_secret_model.go:381.2,385.25 3 0
github.com/flash1nho/GophKeeper/internal/models/secrets/base_secret_model.go:385.25,387.3 1 0
github.com/flash1nho/GophKeeper/internal/models/secrets/base_secret_model.go:389.2,391.38 2 0
github.com/flash1nho/GophKeeper/internal/models/secrets/base_secret_model.go:391.38,393.3 1 0
github.com/flash1nho/GophKeeper/internal/models/secrets/base_secret_model.go:395.2,397.18 2 0
github.com/flash1nho/GophKeeper/internal/models/secrets/base_secret_model.go:397.18,406.17 7 0
github.com/flash1nho/GophKeeper/internal/models/secrets/base_secret_model.go:406.17,408.4 1 0
github.com/flash1nho/GophKeeper/internal/models/secrets/base_secret_model.go:410.3,412.17 2 0
github.com/flash1nho/GophKeeper/internal/models/secrets/base_secret_model.go:412.17,414.4 1 0
github.com/flash1nho/GophKeeper/internal/models/secrets/base_secret_model.go:416.3,420.17 3 0
github.com/flash1nho/GophKeeper/internal/models/secrets/base_secret_model.go:420.17,422.4 1 0
github.com/flash1nho/GophKeeper/internal/models/secrets/base_secret_model.go:424.3,433.36 2 0
github.com/flash1nho/GophKeeper/internal/models/secrets/base_secret_model.go:436.2,438.16 2 0
github.com/flash1nho/GophKeeper/internal/models/secrets/base_secret_model.go:438.16,440.3 1 0
github.com/flash1nho/GophKeeper/internal/models/secrets/base_secret_model.go:442.2,442.23 1 0
github.com/flash1nho/GophKeeper/internal/models/secrets/base_secret_model.go:442.23,444.3 1 0
github.com/flash1nho/GophKeeper/internal/models/secrets/base_secret_model.go:446.2,446.21 1 0
github.com/flash1nho/GophKeeper/internal/models/secrets/base_secret_model.go:449.79,458.16 3 0
github.com/flash1nho/GophKeeper/internal/models/secrets/base_secret_model.go:458.16,460.3 1 0
github.com/flash1nho/GophKeeper/internal/models/secrets/base_secret_model.go:462.2,464.16 2 0
github.com/flash1nho/GophKeeper/internal/models/secrets/base_secret_model.go:464.16,465.36 1 0
[...]
github.com/flash1nho/GophKeeper/internal/models/secrets/base_secret_model.go:465.36,467.4 1 0
github.com/flash1nho/GophKeeper/internal/models/secrets/base_secret_model.go:469.3,469.18 1 0
github.com/flash1nho/GophKeeper/internal/models/secrets/base_secret_model.go:472.2,472.94 1 0
github.com/flash1nho/GophKeeper/internal/models/secrets/base_secret_model.go:475.97,478.16 2 0
github.com/flash1nho/GophKeeper/internal/models/secrets/base_secret_model.go:478.16,480.3 1 0
github.com/flash1nho/GophKeeper/internal/models/secrets/base_secret_model.go:482.2,482.69 1 0
github.com/flash1nho/GophKeeper/internal/models/secrets/base_secret_model.go:485.88,488.16 2 0
github.com/flash1nho/GophKeeper/internal/models/secrets/base_secret_model.go:488.16,490.3 1 0
github.com/flash1nho/GophKeeper/internal/models/secrets/base_secret_model.go:492.2,492.96 1 0
github.com/flash1nho/GophKeeper/internal/models/secrets/base_secret_model.go:495.104,496.63 1 0
github.com/flash1nho/GophKeeper/internal/models/secrets/base_secret_model.go:496.63,500.17 3 0
github.com/flash1nho/GophKeeper/internal/models/secrets/base_secret_model.go:500.17,502.4 1 0
github.com/flash1nho/GophKeeper/internal/models/secrets/base_secret_model.go:504.3,507.17 3 0
github.com/flash1nho/GophKeeper/internal/models/secrets/base_secret_model.go:507.17,510.4 2 0
github.com/flash1nho/GophKeeper/internal/models/secrets/base_secret_model.go:512.3,515.21 3 0
github.com/flash1nho/GophKeeper/internal/models/secrets/base_secret_model.go:518.2,520.16 2 0
github.com/flash1nho/GophKeeper/internal/models/secrets/base_secret_model.go:520.16,522.3 1 0
github.com/flash1nho/GophKeeper/internal/models/secrets/base_secret_model.go:524.2,526.16 2 0
github.com/flash1nho/GophKeeper/internal/models/secrets/base_secret_model.go:526.16,528.3 1 0
github.com/flash1nho/GophKeeper/internal/models/secrets/base_secret_model.go:530.2,530.19 1 0
github.com/flash1nho/GophKeeper/internal/models/secrets/base_secret_model.go:533.104,534.63 1 0
github.com/flash1nho/GophKeeper/internal/models/secrets/base_secret_model.go:534.63,539.17 3 0
github.com/flash1nho/GophKeeper/internal/models/secrets/base_secret_model.go:539.17,541.4 1 0
github.com/flash1nho/GophKeeper/internal/models/secrets/base_secret_model.go:543.3,546.17 3 0
github.com/flash1nho/GophKeeper/internal/models/secrets/base_secret_model.go:546.17,549.4 2 0
github.com/flash1nho/GophKeeper/internal/models/secrets/base_secret_model.go:551.3,554.21 3 0
github.com/flash1nho/GophKeeper/internal/models/secrets/base_secret_model.go:557.2,559.16 2 0
github.com/flash1nho/GophKeeper/internal/models/secrets/base_secret_model.go:559.16,561.3 1 0
github.com/flash1nho/GophKeeper/internal/models/secrets/base_secret_model.go:563.2,565.16 2 0
github.com/flash1nho/GophKeeper/internal/models/secrets/base_secret_model.go:565.16,567.3 1 0
github.com/flash1nho/GophKeeper/internal/models/secrets/base_secret_model.go:569.2,569.19 1 0
github.com/flash1nho/GophKeeper/internal/models/secrets/base_secret_model.go:572.52,574.2 1 0
github.com/flash1nho/GophKeeper/internal/models/secrets/card_secret_model.go:38.70,46.2 1 0
github.com/flash1nho/GophKeeper/internal/models/secrets/card_secret_model.go:48.33,50.2 1 0
github.com/flash1nho/GophKeeper/internal/models/secrets/card_secret_model.go:52.32,54.2 1 0
github.com/flash1nho/GophKeeper/internal/models/secrets/card_secret_model.go:56.58,59.27 2 0
github.com/flash1nho/GophKeeper/internal/models/secrets/card_secret_model.go:59.27,60.39 1 0
github.com/flash1nho/GophKeeper/internal/models/secrets/card_secret_model.go:60.39,62.4 1 0
github.com/flash1nho/GophKeeper/internal/models/secrets/card_secret_model.go:62.9,62.60 1 0
github.com/flash1nho/GophKeeper/internal/models/secrets/card_secret_model.go:62.60,64.4 1 0
github.com/flash1nho/GophKeeper/internal/models/secrets/card_secret_model.go:64.9,64.60 1 0
github.com/flash1nho/GophKeeper/internal/models/secrets/card_secret_model.go:64.60,66.4 1 0
github.com/flash1nho/GophKeeper/internal/models/secrets/card_secret_model.go:66.9,66.60 1 0
github.com/flash1nho/GophKeeper/internal/models/secrets/card_secret_model.go:66.60,68.4 1 0
github.com/flash1nho/GophKeeper/internal/models/secrets/card_secret_model.go:68.9,68.54 1 0
github.com/flash1nho/GophKeeper/internal/models/secrets/card_secret_model.go:68.54,70.4 1 0
github.com/flash1nho/GophKeeper/internal/models/secrets/card_secret_model.go:73.2,73.12 1 0
github.com/flash1nho/GophKeeper/internal/models/secrets/card_secret_model.go:76.39,77.71 1 0
github.com/flash1nho/GophKeeper/internal/models/secrets/card_secret_model.go:77.71,79.3 1 0
github.com/flash1nho/GophKeeper/internal/models/secrets/card_secret_model.go:81.2,83.27 2 0
github.com/flash1nho/GophKeeper/internal/models/secrets/card_secret_model.go:83.27,84.39 1 0
github.com/flash1nho/GophKeeper/internal/models/secrets/card_secret_model.go:84.39,85.54 1 0
github.com/flash1nho/GophKeeper/internal/models/secrets/card_secret_model.go:85.54,87.5 1 0
github.com/flash1nho/GophKeeper/internal/models/secrets/card_secret_model.go:87.10,87.61 1 0
github.com/flash1nho/GophKeeper/internal/models/secrets/card_secret_model.go:87.61,89.5 1 0
github.com/flash1nho/GophKeeper/internal/models/secrets/card_secret_model.go:89.10,89.61 1 0
github.com/flash1nho/GophKeeper/internal/models/secrets/card_secret_model.go:89.61,91.5 1 0
github.com/flash1nho/GophKeeper/internal/models/secrets/card_secret_model.go:91.10,91.55 1 0
github.com/flash1nho/GophKeeper/internal/models/secrets/card_secret_model.go:91.55,93.5 1 0
github.com/flash1nho/GophKeeper/internal/models/secrets/card_secret_model.go:97.2,97.12 1 0
github.com/flash1nho/GophKeeper/internal/models/secrets/card_secret_model.go:100.62,102.2 1 0
github.com/flash1nho/GophKeeper/internal/models/secrets/card_secret_model.go:104.66,114.2 1 0
github.com/flash1nho/GophKeeper/internal/models/secrets/card_secret_model.go:116.41,119.42 2 0
github.com/flash1nho/GophKeeper/internal/models/secrets/card_secret_model.go:119.42,121.3 1 0
github.com/flash1nho/GophKeeper/internal/models/secrets/card_secret_model.go:123.2,126.40 3 0
github.com/flash1nho/GophKeeper/internal/models/secrets/card_secret_model.go:126.40,129.16 2 0
github.com/flash1nho/GophKeeper/internal/models/secrets/card_secret_model.go:129.16,132.13 2 0
github.com/flash1nho/GophKeeper/internal/models/secrets/card_secret_model.go:132.13,134.5 1 0
github.com/flash1nho/GophKeeper/internal/models/secrets/card_secret_model.go:137.3,138.25 2 0
github.com/flash1nho/GophKeeper/internal/models/secrets/card_secret_model.go:141.2,141.20 1 0
github.com/flash1nho/GophKeeper/internal/models/secrets/card_secret_model.go:144.38,147.16 2 0
github.com/flash1nho/GophKeeper/internal/models/secrets/card_secret_model.go:147.16,149.3 1 0
github.com/flash1nho/GophKeeper/internal/models/secrets/card_secret_model.go:151.2,154.27 3 0
github.com/flash1nho/GophKeeper/internal/models/secrets/card_secret_model.go:157.41,159.2 1 0
github.com/flash1nho/GophKeeper/internal/models/secrets/card_secret_model.go:161.35,163.2 1 0
github.com/flash1nho/GophKeeper/internal/models/secrets/card_secret_model.go:165.40,173.38 2 0
github.com/flash1nho/GophKeeper/internal/models/secrets/card_secret_model.go:173.38,174.61 1 0
github.com/flash1nho/GophKeeper/internal/models/secrets/card_secret_model.go:174.61,176.4 1 0
github.com/flash1nho/GophKeeper/internal/models/secrets/card_secret_model.go:179.2,179.18 1 0
github.com/flash1nho/GophKeeper/internal/models/secrets/card_secret_model.go:182.45,187.2 3 0
github.com/flash1nho/GophKeeper/internal/models/secrets/cred_secret_model.go:22.70,30.2 1 0
github.com/flash1nho/GophKeeper/internal/models/secrets/cred_secret_model.go:32.33,34.2 1 0
github.com/flash1nho/GophKeeper/internal/models/secrets/cred_secret_model.go:36.32,38.2 1 0
github.com/flash1nho/GophKeeper/internal/models/secrets/cred_secret_model.go:40.58,49.27 2 0
github.com/flash1nho/GophKeeper/internal/models/secrets/cred_secret_model.go:49.27,50.39 1 0
github.com/flash1nho/GophKeeper/internal/models/secrets/cred_secret_model.go:50.39,52.4 1 0
github.com/flash1nho/GophKeeper/internal/models/secrets/cred_secret_model.go:55.2,55.12 1 0
github.com/flash1nho/GophKeeper/internal/models/secrets/cred_secret_model.go:58.39,59.77 1 0
github.com/flash1nho/GophKeeper/internal/models/secrets/cred_secret_model.go:59.77,61.3 1 0
github.com/flash1nho/GophKeeper/internal/models/secrets/cred_secret_model.go:63.2,63.12 1 0
github.com/flash1nho/GophKeeper/internal/models/secrets/cred_secret_model.go:66.62,68.2 1 0
github.com/flash1nho/GophKeeper/internal/models/secrets/file_secret_model.go:28.70,36.2 1 0
github.com/flash1nho/GophKeeper/internal/models/secrets/file_secret_model.go:38.33,40.2 1 0
github.com/flash1nho/GophKeeper/internal/models/secrets/file_secret_model.go:42.32,44.2 1 0
github.com/flash1nho/GophKeeper/internal/models/secrets/file_secret_model.go:46.58,47.41 1 0
github.com/flash1nho/GophKeeper/internal/models/secrets/file_secret_model.go:47.41,49.3 1 0
github.com/flash1nho/GophKeeper/internal/models/secrets/file_secret_model.go:51.2,53.16 2 0
github.com/flash1nho/GophKeeper/internal/models/secrets/file_secret_model.go:53.16,55.3 1 0
github.com/flash1nho/GophKeeper/internal/models/secrets/file_secret_model.go:57.2,57.16 1 0
github.com/flash1nho/GophKeeper/internal/models/secrets/file_secret_model.go:57.16,59.3 1 0
github.com/flash1nho/GophKeeper/internal/models/secrets/file_secret_model.go:61.2,61.12 1 0
github.com/flash1nho/GophKeeper/internal/models/secrets/file_secret_model.go:64.39,66.2 1 0
github.com/flash1nho/GophKeeper/internal/models/secrets/file_secret_model.go:68.62,76.23 3 0
github.com/flash1nho/GophKeeper/internal/models/secrets/file_secret_model.go:76.23,78.3 1 0
github.com/flash1nho/GophKeeper/internal/models/secrets/file_secret_model.go:78.8,80.3 1 0
github.com/flash1nho/GophKeeper/internal/models/secrets/file_secret_model.go:82.2,84.16 2 0
github.com/flash1nho/GophKeeper/internal/models/secrets/file_secret_model.go:84.16,86.3 1 0
github.com/flash1nho/GophKeeper/internal/models/secrets/file_secret_model.go:88.2,90.16 2 0
github.com/flash1nho/GophKeeper/internal/models/secrets/file_secret_model.go:90.16,91.36 1 0
github.com/flash1nho/GophKeeper/internal/models/secrets/file_secret_model.go:91.36,93.4 1 0
github.com/flash1nho/GophKeeper/internal/models/secrets/file_secret_model.go:95.3,95.20 1 0
github.com/flash1nho/GophKeeper/internal/models/secrets/file_secret_model.go:98.2,98.24 1 0
github.com/flash1nho/GophKeeper/internal/models/secrets/file_secret_model.go:98.24,100.3 1 0
github.com/flash1nho/GophKeeper/internal/models/secrets/file_secret_model.go:102.2,102.18 1 0
github.com/flash1nho/GophKeeper/internal/models/secrets/text_secret_model.go:21.70,29.2 1 0
github.com/flash1nho/GophKeeper/internal/models/secrets/text_secret_model.go:31.33,33.2 1 0
github.com/flash1nho/GophKeeper/internal/models/secrets/text_secret_model.go:35.32,37.2 1 0
github.com/flash1nho/GophKeeper/internal/models/secrets/text_secret_model.go:39.58,40.40 1 0
github.com/flash1nho/GophKeeper/internal/models/secrets/text_secret_model.go:40.40,42.3 1 0
github.com/flash1nho/GophKeeper/internal/models/secrets/text_secret_model.go:44.2,44.12 1 0
github.com/flash1nho/GophKeeper/internal/models/secrets/text_secret_model.go:47.39,48.40 1 0
github.com/flash1nho/GophKeeper/internal/models/secrets/text_secret_model.go:48.40,50.3 1 0
github.com/flash1nho/GophKeeper/internal/models/secrets/text_secret_model.go:52.2,52.12 1 0
github.com/flash1nho/GophKeeper/internal/models/secrets/text_secret_model.go:55.62,57.2 1 0
github.com/flash1nho/GophKeeper/internal/models/users/user_model.go:37.51,42.2 1 0
github.com/flash1nho/GophKeeper/internal/models/users/user_model.go:44.136,45.45 1 0
github.com/flash1nho/GophKeeper/internal/models/users/user_model.go:45.45,47.3 1 0
github.com/flash1nho/GophKeeper/internal/models/users/user_model.go:49.2,49.22 1 0
github.com/flash1nho/GophKeeper/internal/models/users/user_model.go:49.22,51.3 1 0
github.com/flash1nho/GophKeeper/internal/models/users/user_model.go:53.2,56.16 3 0
github.com/flash1nho/GophKeeper/internal/models/users/user_model.go:56.16,58.3 1 0
github.com/flash1nho/GophKeeper/internal/models/users/user_model.go:60.2,62.16 2 0
github.com/flash1nho/GophKeeper/internal/models/users/user_model.go:62.16,64.3 1 0
github.com/flash1nho/GophKeeper/internal/models/users/user_model.go:66.2,75.16 3 0
github.com/flash1nho/GophKeeper/internal/models/users/user_model.go:75.16,77.3 1 0
github.com/flash1nho/GophKeeper/internal/models/users/user_model.go:79.2,81.16 2 0
github.com/flash1nho/GophKeeper/internal/models/users/user_model.go:81.16,84.72 2 0
github.com/flash1nho/GophKeeper/internal/models/users/user_model.go:84.72,86.4 1 0
github.com/flash1nho/GophKeeper/internal/models/users/user_model.go:88.3,88.17 1 0
github.com/flash1nho/GophKeeper/internal/models/users/user_model.go:91.2,91.52 1 0
github.com/flash1nho/GophKeeper/internal/models/users/user_model.go:94.118,95.45 1 0
github.com/flash1nho/GophKeeper/internal/models/users/user_model.go:95.45,97.3 1 0
github.com/flash1nho/GophKeeper/internal/models/users/user_model.go:99.2,107.16 3 0
github.com/flash1nho/GophKeeper/internal/models/users/user_model.go:107.16,109.3 1 0
github.com/flash1nho/GophKeeper/internal/models/users/user_model.go:111.2,113.16 2 0
github.com/flash1nho/GophKeeper/internal/models/users/user_model.go:113.16,114.36 1 0
github.com/flash1nho/GophKeeper/internal/models/users/user_model.go:114.36,116.4 1 0
github.com/flash1nho/GophKeeper/internal/models/users/user_model.go:118.3,118.17 1 0
github.com/flash1nho/GophKeeper/internal/models/users/user_model.go:121.2,123.58 2 0
github.com/flash1nho/GophKeeper/internal/models/users/user_model.go:123.58,125.3 1 0
github.com/flash1nho/GophKeeper/internal/models/users/user_model.go:127.2,127.52 1 0
github.com/flash1nho/GophKeeper/internal/models/users/user_model.go:130.122,137.16 2 0
github.com/flash1nho/GophKeeper/internal/models/users/user_model.go:137.16,139.3 1 0
github.com/flash1nho/GophKeeper/internal/models/users/user_model.go:141.2,145.16 3 0
github.com/flash1nho/GophKeeper/internal/models/users/user_model.go:145.16,146.36 1 0
github.com/flash1nho/GophKeeper/internal/models/users/user_model.go:146.36,148.4 1 0
github.com/flash1nho/GophKeeper/internal/models/users/user_model.go:150.3,150.13 1 0
github.com/flash1nho/GophKeeper/internal/models/users/user_model.go:153.2,156.16 3 0
github.com/flash1nho/GophKeeper/internal/models/users/user_model.go:156.16,158.3 1 0
github.com/flash1nho/GophKeeper/internal/models/users/user_model.go:160.2,160.23 1 0
github.com/flash1nho/GophKeeper/internal/models/users/user_model.go:160.23,162.3 1 0
github.com/flash1nho/GophKeeper/internal/models/users/user_model.go:164.2,164.12 1 0
github.com/flash1nho/GophKeeper/internal/security/crypto_manager.go:31.56,33.2 1 1
github.com/flash1nho/GophKeeper/internal/security/crypto_manager.go:35.71,39.2 2 1
github.com/flash1nho/GophKeeper/internal/security/crypto_manager.go:41.67,43.2 1 1
github.com/flash1nho/GophKeeper/internal/security/crypto_manager.go:45.74,50.16 3 1
github.com/flash1nho/GophKeeper/internal/security/crypto_manager.go:50.16,52.3 1 0
github.com/flash1nho/GophKeeper/internal/security/crypto_manager.go:54.2,56.16 2 1
github.com/flash1nho/GophKeeper/internal/security/crypto_manager.go:56.16,58.3 1 0
github.com/flash1nho/GophKeeper/internal/security/crypto_manager.go:60.2,62.59 2 1
github.com/flash1nho/GophKeeper/internal/security/crypto_manager.go:62.59,64.3 1 0
github.com/flash1nho/GophKeeper/internal/security/crypto_manager.go:66.2,66.47 1 1
github.com/flash1nho/GophKeeper/internal/security/crypto_manager.go:69.74,74.16 3 1
github.com/flash1nho/GophKeeper/internal/security/crypto_manager.go:74.16,76.3 1 0
github.com/flash1nho/GophKeeper/internal/security/crypto_manager.go:78.2,80.16 2 1
github.com/flash1nho/GophKeeper/internal/security/crypto_manager.go:80.16,82.3 1 0
github.com/flash1nho/GophKeeper/internal/security/crypto_manager.go:84.2,86.27 2 1
github.com/flash1nho/GophKeeper/internal/security/crypto_manager.go:86.27,88.3 1 0
github.com/flash1nho/GophKeeper/internal/security/crypto_manager.go:90.2,92.46 2 1
github.com/flash1nho/GophKeeper/internal/security/crypto_manager.go:95.92,98.16 2 1
github.com/flash1nho/GophKeeper/internal/security/crypto_manager.go:98.16,100.3 1 0
github.com/flash1nho/GophKeeper/internal/security/crypto_manager.go:102.2,105.16 3 1
github.com/flash1nho/GophKeeper/internal/security/crypto_manager.go:105.16,107.3 1 0
github.com/flash1nho/GophKeeper/internal/security/crypto_manager.go:109.2,119.36 4 1
github.com/flash1nho/GophKeeper/internal/security/crypto_manager.go:122.94,125.16 2 1
github.com/flash1nho/GophKeeper/internal/security/crypto_manager.go:125.16,127.3 1 0
github.com/flash1nho/GophKeeper/internal/security/crypto_manager.go:129.2,129.76 1 1
github.com/flash1nho/GophKeeper/internal/security/crypto_manager.go:129.76,130.54 1 1
github.com/flash1nho/GophKeeper/internal/security/crypto_manager.go:130.54,132.4 1 0
github.com/flash1nho/GophKeeper/internal/security/crypto_manager.go:134.3,134.22 1 1
github.com/flash1nho/GophKeeper/internal/security/crypto_manager.go:137.2,137.32 1 1
github.com/flash1nho/GophKeeper/internal/security/crypto_manager.go:137.32,139.3 1 0
github.com/flash1nho/GophKeeper/internal/security/crypto_manager.go:141.2,143.9 2 1
github.com/flash1nho/GophKeeper/internal/security/crypto_manager.go:143.9,145.3 1 0
github.com/flash1nho/GophKeeper/internal/security/crypto_manager.go:147.2,147.37 1 1
github.com/flash1nho/GophKeeper/internal/security/crypto_manager.go:150.79,153.9 2 1
github.com/flash1nho/GophKeeper/internal/security/crypto_manager.go:153.9,155.3 1 0
github.com/flash1nho/GophKeeper/internal/security/crypto_manager.go:157.2,159.16 2 1
github.com/flash1nho/GophKeeper/internal/security/crypto_manager.go:159.16,161.3 1 0
github.com/flash1nho/GophKeeper/internal/security/crypto_manager.go:163.2,165.16 2 1
github.com/flash1nho/GophKeeper/internal/security/crypto_manager.go:165.16,167.3 1 0
github.com/flash1nho/GophKeeper/internal/security/crypto_manager.go:169.2,172.16 3 1
github.com/flash1nho/GophKeeper/internal/security/crypto_manager.go:172.16,174.3 1 0
github.com/flash1nho/GophKeeper/internal/security/crypto_manager.go:176.2,176.20 1 1
github.com/flash1nho/GophKeeper/internal/security/crypto_manager.go:179.62,180.20 1 1
github.com/flash1nho/GophKeeper/internal/security/crypto_manager.go:180.20,183.3 2 1
github.com/flash1nho/GophKeeper/internal/security/crypto_manager.go:185.2,185.12 1 1
github.com/flash1nho/GophKeeper/internal/service/service.go:29.51,33.2 1 0
github.com/flash1nho/GophKeeper/internal/service/service.go:35.53,39.16 3 0
github.com/flash1nho/GophKeeper/internal/service/service.go:39.16,41.3 1 0
github.com/flash1nho/GophKeeper/internal/service/service.go:43.2,45.16 2 0
github.com/flash1nho/GophKeeper/internal/service/service.go:45.16,47.3 1 0
github.com/flash1nho/GophKeeper/internal/service/service.go:49.2,62.12 5 0
github.com/flash1nho/GophKeeper/internal/service/service.go:62.12,65.17 2 0
github.com/flash1nho/GophKeeper/internal/service/service.go:65.17,71.51 4 0
github.com/flash1nho/GophKeeper/internal/service/service.go:71.51,73.5 1 0
github.com/flash1nho/GophKeeper/internal/service/service.go:74.9,76.4 1 0
github.com/flash1nho/GophKeeper/internal/service/service.go:79.2,79.9 1 0
github.com/flash1nho/GophKeeper/internal/service/service.go:80.26,81.44 1 0
github.com/flash1nho/GophKeeper/internal/service/service.go:82.20,87.87 3 0
github.com/flash1nho/GophKeeper/internal/service/service.go:91.25,97.20 4 0
github.com/flash1nho/GophKeeper/internal/service/service.go:97.20,100.3 2 0
github.com/flash1nho/GophKeeper/internal/service/service.go:102.2,102.70 1 0
github.com/flash1nho/GophKeeper/internal/service/service.go:102.70,104.3 1 0
github.com/flash1nho/GophKeeper/internal/service/service.go:106.2,110.102 3 0
github.com/flash1nho/GophKeeper/pkg/version/version.go:9.20,11.2 1 0
